\BOOKMARK [0][-]{chapter*.4}{\376\377\000S\000o\000m\000m\000a\000i\000r\000e}{}% 1
\BOOKMARK [0][-]{chapter*.5}{\376\377\000T\000a\000b\000l\000e\000\040\000d\000e\000s\000\040\000f\000i\000g\000u\000r\000e\000s}{}% 2
\BOOKMARK [0][-]{chapter.1}{\376\377\000I\000n\000t\000r\000o\000d\000u\000c\000t\000i\000o\000n}{}% 3
\BOOKMARK [0][-]{chapter.2}{\376\377\000P\000r\000\351\000s\000e\000n\000t\000a\000t\000i\000o\000n\000\040\000d\000e\000\040\000l\000'\000e\000n\000t\000r\000e\000p\000r\000i\000s\000e}{}% 4
\BOOKMARK [1][-]{section.2.1}{\376\377\000L\000e\000s\000\040\000S\000y\000s\000t\000\350\000m\000e\000s\000\040\000d\040\031\000I\000n\000f\000o\000r\000m\000a\000t\000i\000o\000n\000s\000\040\000G\000\351\000o\000g\000r\000a\000p\000h\000i\000q\000u\000e\000s\000\040\000\050\000S\000I\000G\000\051}{chapter.2}% 5
\BOOKMARK [1][-]{section.2.2}{\376\377\000P\000r\000\351\000s\000e\000n\000t\000a\000t\000i\000o\000n\000\040\000d\000e\000\040\000M\000o\000b\000i\000g\000i\000s}{chapter.2}% 6
\BOOKMARK [1][-]{section.2.3}{\376\377\000A\000c\000t\000i\000v\000i\000t\000\351\000s}{chapter.2}% 7
\BOOKMARK [1][-]{section.2.4}{\376\377\000H\000i\000s\000t\000o\000r\000i\000q\000u\000e}{chapter.2}% 8
\BOOKMARK [1][-]{section.2.5}{\376\377\000R\000e\000s\000s\000o\000u\000r\000c\000e\000s}{chapter.2}% 9
\BOOKMARK [0][-]{chapter.3}{\376\377\000R\000\351\000a\000l\000i\000s\000a\000t\000i\000o\000n\000s}{}% 10
\BOOKMARK [1][-]{section.3.1}{\376\377\000E\000n\000v\000i\000r\000o\000n\000n\000e\000m\000e\000n\000t\000\040\000d\000e\000\040\000t\000r\000a\000v\000a\000i\000l}{chapter.3}% 11
\BOOKMARK [1][-]{section.3.2}{\376\377\000L\000e\000s\000\040\000P\000r\000o\000j\000e\000t\000s}{chapter.3}% 12
\BOOKMARK [2][-]{subsection.3.2.1}{\376\377\000M\000o\000b\000i\000S\000a\000a\000s}{section.3.2}% 13
\BOOKMARK [2][-]{subsection.3.2.2}{\376\377\000D\000a\000t\000a\000W\000i\000z\000a\000r\000d}{section.3.2}% 14
\BOOKMARK [0][-]{chapter.4}{\376\377\000D\000\351\000v\000e\000l\000o\000p\000p\000e\000m\000e\000n\000t}{}% 15
\BOOKMARK [0][-]{chapter.5}{\376\377\000C\000o\000n\000c\000l\000u\000s\000i\000o\000n}{}% 16
\BOOKMARK [0][-]{chapter.6}{\376\377\000B\000i\000l\000a\000n}{}% 17
\BOOKMARK [1][-]{section.6.1}{\376\377\000B\000i\000l\000a\000n\000\040\000p\000r\000o\000f\000e\000s\000s\000i\000o\000n\000n\000e\000l}{chapter.6}% 18
\BOOKMARK [1][-]{section.6.2}{\376\377\000B\000i\000l\000a\000n\000\040\000p\000e\000r\000s\000o\000n\000n\000e\000l}{chapter.6}% 19
\BOOKMARK [0][-]{chapter.7}{\376\377\000G\000l\000o\000s\000s\000a\000i\000r\000e\000\040\000e\000t\000\040\000d\000\351\000f\000i\000n\000i\000t\000i\000o\000n\000s}{}% 20
\BOOKMARK [0][-]{chapter.8}{\376\377\000A\000n\000n\000e\000x\000e\000s}{}% 21
\BOOKMARK [1][-]{section.8.1}{\376\377\000A\000p\000a\000c\000h\000e\000\040\000M\000a\000v\000e\000n}{chapter.8}% 22
\BOOKMARK [1][-]{section.8.2}{\376\377\000D\000r\000o\000p\000W\000i\000z\000a\000r\000d}{chapter.8}% 23
