\BOOKMARK [0][-]{chapter*.2}{\376\377\000S\000o\000m\000m\000a\000i\000r\000e}{}% 1
\BOOKMARK [0][-]{chapter.1}{\376\377\000I\000n\000t\000r\000o\000d\000u\000c\000t\000i\000o\000n}{}% 2
\BOOKMARK [0][-]{chapter.2}{\376\377\000C\000o\000n\000t\000e\000x\000t\000e\000\040\000e\000t\000\040\000p\000r\000o\000b\000l\000\351\000m\000a\000t\000i\000q\000u\000e}{}% 3
\BOOKMARK [1][-]{section.2.1}{\376\377\000P\000r\000i\000n\000c\000i\000p\000e\000s\000\040\000g\000\351\000n\000\351\000r\000a\000u\000x}{chapter.2}% 4
\BOOKMARK [1][-]{section.2.2}{\376\377\000L\000e\000\040\000l\000o\000g\000i\000c\000i\000e\000l\000\040\000S\000I\000E\000L}{chapter.2}% 5
\BOOKMARK [2][-]{subsection.2.2.1}{\376\377\000A\000r\000c\000h\000i\000t\000e\000c\000t\000u\000r\000e\000\040\000S\000I\000E\000L}{section.2.2}% 6
\BOOKMARK [2][-]{subsection.2.2.2}{\376\377\000L\000e\000s\000\040\000c\000h\000a\000\356\000n\000e\000s\000\040\000d\000e\000\040\000t\000r\000a\000i\000t\000e\000m\000e\000n\000t\000s\000\040\000d\000u\000\040\000S\000I\000E\000L}{section.2.2}% 7
\BOOKMARK [1][-]{section.2.3}{\376\377\000P\000r\000o\000b\000l\000\351\000m\000a\000t\000i\000q\000u\000e\000s\000\040\000d\000u\000\040\000s\000t\000a\000g\000e}{chapter.2}% 8
\BOOKMARK [0][-]{chapter.3}{\376\377\000E\000t\000a\000t\000\040\000d\000e\000\040\000l\000'\000a\000r\000t\000\040\000s\000u\000r\000\040\000l\000e\000\040\000t\000h\000\350\000m\000e\000\040\000e\000n\000v\000i\000r\000o\000n\000n\000e\000m\000e\000n\000t\000-\000s\000a\000n\000t\000\351}{}% 9
\BOOKMARK [1][-]{section.3.1}{\376\377\000I\000n\000t\000e\000r\000a\000c\000t\000i\000o\000n\000s\000\040\000e\000n\000v\000i\000r\000o\000n\000n\000e\000m\000e\000n\000t\000-\000s\000a\000n\000t\000\351}{chapter.3}% 10
\BOOKMARK [2][-]{subsection.3.1.1}{\376\377\000D\000\351\000f\000i\000n\000i\000t\000i\000o\000n\000s}{section.3.1}% 11
\BOOKMARK [2][-]{subsection.3.1.2}{\376\377\000F\000a\000c\000t\000e\000u\000r\000s\000\040\000d\000e\000\040\000r\000i\000s\000q\000u\000e\000\040\000d\000e\000\040\000t\000r\000a\000n\000s\000m\000i\000s\000s\000i\000o\000n\000\040\000d\000u\000\040\000p\000a\000l\000u\000d\000i\000s\000m\000e}{section.3.1}% 12
\BOOKMARK [1][-]{section.3.2}{\376\377\000A\000p\000p\000r\000o\000c\000h\000e\000s\000\040\000l\000o\000g\000i\000c\000i\000e\000l\000l\000e\000s\000\040\000e\000x\000i\000s\000t\000a\000n\000t\000e\000s}{chapter.3}% 13
\BOOKMARK [2][-]{subsection.3.2.1}{\376\377\000C\000a\000s\000\040\000d\000'\000u\000t\000i\000l\000i\000s\000a\000t\000i\000o\000n\000\040\000c\000o\000n\000c\000r\000e\000t\000\040\000d\000a\000n\000s\000\040\000l\000e\000\040\000c\000o\000n\000t\000e\000x\000t\000e\000\040\000e\000n\000v\000i\000r\000o\000n\000n\000e\000m\000e\000n\000t\000-\000s\000a\000n\000t\000\351\000:}{section.3.2}% 14
\BOOKMARK [1][-]{section.3.3}{\376\377\000C\000o\000n\000c\000l\000u\000s\000i\000o\000n}{chapter.3}% 15
\BOOKMARK [0][-]{chapter.4}{\376\377\000M\000\351\000t\000h\000o\000d\000o\000l\000o\000g\000i\000e}{}% 16
\BOOKMARK [1][-]{section.4.1}{\376\377\000A\000n\000a\000l\000y\000s\000e}{chapter.4}% 17
\BOOKMARK [2][-]{subsection.4.1.1}{\376\377\000D\000o\000n\000n\000\351\000e\000s\000\040\000d\000i\000s\000p\000o\000n\000i\000b\000l\000e\000s}{section.4.1}% 18
\BOOKMARK [2][-]{subsection.4.1.2}{\376\377\000M\000o\000d\000\350\000l\000e\000\040\000U\000M\000L\000\040\000s\000i\000m\000p\000l\000i\000f\000i\000\351}{section.4.1}% 19
\BOOKMARK [1][-]{section.4.2}{\376\377\000R\000a\000i\000s\000o\000n\000n\000e\000m\000e\000n\000t}{chapter.4}% 20
\BOOKMARK [2][-]{subsection.4.2.1}{\376\377\000D\000e\000s\000c\000r\000i\000p\000t\000i\000o\000n\000\040\000d\000e\000s\000\040\000d\000o\000n\000n\000\351\000e\000s\000\040\000e\000t\000\040\000d\000e\000s\000\040\000t\000r\000a\000i\000t\000e\000m\000e\000n\000t\000s}{section.4.2}% 21
\BOOKMARK [2][-]{subsection.4.2.2}{\376\377\000L\000e\000s\000\040\000c\000a\000t\000\351\000g\000o\000r\000i\000e\000s\000\040\000d\000e\000\040\000d\000o\000n\000n\000\351\000e\000s\000\040\000e\000t\000\040\000d\000e\000\040\000t\000r\000a\000i\000t\000e\000m\000e\000n\000t\000s}{section.4.2}% 22
\BOOKMARK [2][-]{subsection.4.2.3}{\376\377\000C\000o\000n\000c\000e\000p\000t\000u\000a\000l\000i\000s\000a\000t\000i\000o\000n\000\040\000d\000e\000\040\000l\000a\000\040\000c\000h\000a\000\356\000n\000e\000\040\000d\000e\000\040\000t\000r\000a\000i\000t\000e\000m\000e\000n\000t\000s}{section.4.2}% 23
\BOOKMARK [1][-]{section.4.3}{\376\377\000C\000o\000n\000c\000e\000p\000t\000i\000o\000n}{chapter.4}% 24
\BOOKMARK [2][-]{subsection.4.3.1}{\376\377\000A\000r\000c\000h\000i\000t\000e\000c\000t\000u\000r\000e\000\040\000i\000n\000f\000o\000r\000m\000a\000t\000i\000q\000u\000e\000\040\000d\000e\000\040\000l\000a\000\040\000c\000h\000a\000i\000n\000e\000\040\000d\000e\000\040\000t\000r\000a\000i\000t\000e\000m\000e\000n\000t\000s\000\040\000e\000t\000\040\000d\000u\000\040\000l\000o\000g\000i\000c\000i\000e\000l\000\040\000o\000u\000v\000e\000r\000t}{section.4.3}% 25
\BOOKMARK [1][-]{section.4.4}{\376\377\000O\000p\000\351\000r\000a\000t\000i\000o\000n\000n\000a\000l\000i\000s\000a\000t\000i\000o\000n}{chapter.4}% 26
\BOOKMARK [2][-]{subsection.4.4.1}{\376\377\000F\000o\000n\000c\000t\000i\000o\000n\000n\000e\000m\000e\000n\000t\000\040\000c\000h\000a\000i\000n\000e\000\040\000d\000e\000\040\000t\000r\000a\000i\000t\000e\000m\000e\000n\000t\000s\000\040\000"\000f\000e\000r\000m\000\351\000e\000"}{section.4.4}% 27
\BOOKMARK [2][-]{subsection.4.4.2}{\376\377\000F\000o\000n\000c\000t\000i\000o\000n\000n\000e\000m\000e\000n\000t\000\040\000d\000u\000\040\000l\000o\000g\000i\000c\000i\000e\000l\000\040\000"\000o\000u\000v\000e\000r\000t\000"}{section.4.4}% 28
\BOOKMARK [0][-]{chapter.5}{\376\377\000R\000\351\000s\000u\000l\000t\000a\000t\000s}{}% 29
\BOOKMARK [1][-]{section.5.1}{\376\377\000P\000l\000a\000n\000n\000i\000n\000g\000\040\000f\000i\000n\000a\000l\000\040}{chapter.5}% 30
\BOOKMARK [1][-]{section.5.2}{\376\377\000P\000r\000o\000t\000o\000t\000y\000p\000e\000\040}{chapter.5}% 31
\BOOKMARK [1][-]{section.5.3}{\376\377\000V\000a\000l\000i\000d\000a\000t\000i\000o\000n\000\040\000d\000e\000s\000\040\000r\000\351\000s\000u\000l\000t\000a\000t\000s}{chapter.5}% 32
\BOOKMARK [1][-]{section.5.4}{\376\377\000D\000i\000f\000f\000i\000c\000u\000l\000t\000\351\000s\000\040\000r\000e\000n\000c\000o\000n\000t\000r\000\351\000e\000s}{chapter.5}% 33
\BOOKMARK [2][-]{subsection.5.4.1}{\376\377\000J\000a\000v\000a}{section.5.4}% 34
\BOOKMARK [2][-]{subsection.5.4.2}{\376\377\000P\000o\000s\000t\000g\000r\000e\000S\000Q\000L\000/\000P\000o\000s\000t\000G\000I\000S}{section.5.4}% 35
\BOOKMARK [2][-]{subsection.5.4.3}{\376\377\000R}{section.5.4}% 36
\BOOKMARK [1][-]{section.5.5}{\376\377\000P\000e\000r\000s\000p\000e\000c\000t\000i\000v\000e\000s}{chapter.5}% 37
\BOOKMARK [1][-]{section.5.6}{\376\377\000C\000o\000n\000c\000l\000u\000s\000i\000o\000n}{chapter.5}% 38
\BOOKMARK [0][-]{chapter.6}{\376\377\000G\000l\000o\000s\000s\000a\000i\000r\000e\000\040\000e\000t\000\040\000d\000\351\000f\000i\000n\000i\000t\000i\000o\000n\000s}{}% 39
\BOOKMARK [0][-]{chapter.7}{\376\377\000A\000n\000n\000e\000x\000e\000s}{}% 40
\BOOKMARK [1][-]{section.7.1}{\376\377\000C\000o\000n\000f\000i\000g\000u\000r\000a\000t\000i\000o\000n\000\040\000p\000r\000\351\000r\000e\000q\000u\000i\000s\000e\000\040\000p\000o\000u\000r\000\040\000l\000'\000u\000t\000i\000l\000i\000s\000a\000t\000i\000o\000n\000\040\000d\000e\000s\000\040\000o\000u\000t\000i\000l\000s\000\040}{chapter.7}% 41
\BOOKMARK [1][-]{section.7.2}{\376\377\000P\000a\000c\000k\000a\000g\000e\000s\000\040\000R\000\040\000u\000t\000i\000l\000i\000s\000\351\000s}{chapter.7}% 42
\BOOKMARK [1][-]{section.7.3}{\376\377\000L\000e\000s\000\040\000t\000r\000a\000i\000t\000e\000m\000e\000n\000t\000s\000\040\000e\000f\000f\000e\000c\000t\000u\000\351\000s\000\040\000p\000a\000r\000\040\000l\000a\000\040\000c\000h\000a\000\356\000n\000e\000\040\000d\000e\000\040\000t\000r\000a\000i\000t\000e\000m\000e\000n\000t\000s\000\040\000f\000e\000r\000m\000\351\000e}{chapter.7}% 43
\BOOKMARK [1][-]{section.7.4}{\376\377\000D\000i\000v\000e\000r\000s}{chapter.7}% 44
\BOOKMARK [2][-]{subsection.7.4.1}{\376\377\000P\000l\000a\000n\000n\000i\000n\000g\000\040\000p\000r\000o\000v\000i\000s\000i\000o\000n\000n\000e\000l}{section.7.4}% 45
\BOOKMARK [0][-]{chapter*.139}{\376\377\000B\000i\000b\000l\000i\000o\000g\000r\000a\000p\000h\000i\000e}{}% 46
