This is pdfTeX, Version 3.1415926-2.3-1.40.12 (TeX Live 2011) (format=pdflatex 2012.1.22)  29 JUL 2012 18:22
entering extended mode
 restricted \write18 enabled.
 %&-line parsing enabled.
**RapportDeBase.tex
(./RapportDeBase.tex
LaTeX2e <2009/09/24>
Babel <v3.8l> and hyphenation patterns for english, dumylang, nohyphenation, ge
rman-x-2009-06-19, ngerman-x-2009-06-19, afrikaans, ancientgreek, ibycus, arabi
c, armenian, basque, bulgarian, catalan, pinyin, coptic, croatian, czech, danis
h, dutch, ukenglish, usenglishmax, esperanto, estonian, ethiopic, farsi, finnis
h, french, galician, german, ngerman, swissgerman, monogreek, greek, hungarian,
 icelandic, assamese, bengali, gujarati, hindi, kannada, malayalam, marathi, or
iya, panjabi, tamil, telugu, indonesian, interlingua, irish, italian, kurmanji,
 lao, latin, latvian, lithuanian, mongolian, mongolianlmc, bokmal, nynorsk, pol
ish, portuguese, romanian, russian, sanskrit, serbian, serbianc, slovak, sloven
ian, spanish, swedish, turkish, turkmen, ukrainian, uppersorbian, welsh, loaded
.
(/usr/local/texlive/2011/texmf-dist/tex/latex/base/report.cls
Document Class: report 2007/10/19 v1.4h Standard LaTeX document class
(/usr/local/texlive/2011/texmf-dist/tex/latex/base/size12.clo
File: size12.clo 2007/10/19 v1.4h Standard LaTeX file (size option)
)
\c@part=\count79
\c@chapter=\count80
\c@section=\count81
\c@subsection=\count82
\c@subsubsection=\count83
\c@paragraph=\count84
\c@subparagraph=\count85
\c@figure=\count86
\c@table=\count87
\abovecaptionskip=\skip41
\belowcaptionskip=\skip42
\bibindent=\dimen102
)
(/usr/local/texlive/2011/texmf-dist/tex/latex/base/fontenc.sty
Package: fontenc 2005/09/27 v1.99g Standard LaTeX package

(/usr/local/texlive/2011/texmf-dist/tex/latex/base/t1enc.def
File: t1enc.def 2005/09/27 v1.99g Standard LaTeX file
LaTeX Font Info:    Redeclaring font encoding T1 on input line 43.
))
(/usr/local/texlive/2011/texmf-dist/tex/generic/babel/babel.sty
Package: babel 2008/07/06 v3.8l The Babel package

(/usr/local/texlive/2011/texmf-dist/tex/generic/babel/frenchb.ldf
Language: frenchb 2009/03/16 v2.3d French support from the babel system

(/usr/local/texlive/2011/texmf-dist/tex/generic/babel/babel.def
File: babel.def 2008/07/06 v3.8l Babel common definitions
\babel@savecnt=\count88
\U@D=\dimen103
)
Package babel Info: Making : an active character on input line 120.
Package babel Info: Making ; an active character on input line 121.
Package babel Info: Making ! an active character on input line 122.
Package babel Info: Making ? an active character on input line 123.
\FB@Mht=\dimen104
\std@mcc=\count89
\dec@mcc=\count90
\parindentFFN=\dimen105

*************************************
* Local config file frenchb.cfg used
*
(/usr/local/texlive/2011/texmf-dist/tex/generic/babel/frenchb.cfg)))
(/usr/local/texlive/2011/texmf-dist/tex/latex/carlisle/scalefnt.sty)
(/usr/local/texlive/2011/texmf-dist/tex/latex/graphics/keyval.sty
Package: keyval 1999/03/16 v1.13 key=value parser (DPC)
\KV@toks@=\toks14
)
(/usr/local/texlive/2011/texmf-dist/tex/latex/psnfss/mathptmx.sty
Package: mathptmx 2005/04/12 PSNFSS-v9.2a Times w/ Math, improved (SPQR, WaS) 
LaTeX Font Info:    Redeclaring symbol font `operators' on input line 28.
LaTeX Font Info:    Overwriting symbol font `operators' in version `normal'
(Font)                  OT1/cmr/m/n --> OT1/ztmcm/m/n on input line 28.
LaTeX Font Info:    Overwriting symbol font `operators' in version `bold'
(Font)                  OT1/cmr/bx/n --> OT1/ztmcm/m/n on input line 28.
LaTeX Font Info:    Redeclaring symbol font `letters' on input line 29.
LaTeX Font Info:    Overwriting symbol font `letters' in version `normal'
(Font)                  OML/cmm/m/it --> OML/ztmcm/m/it on input line 29.
LaTeX Font Info:    Overwriting symbol font `letters' in version `bold'
(Font)                  OML/cmm/b/it --> OML/ztmcm/m/it on input line 29.
LaTeX Font Info:    Redeclaring symbol font `symbols' on input line 30.
LaTeX Font Info:    Overwriting symbol font `symbols' in version `normal'
(Font)                  OMS/cmsy/m/n --> OMS/ztmcm/m/n on input line 30.
LaTeX Font Info:    Overwriting symbol font `symbols' in version `bold'
(Font)                  OMS/cmsy/b/n --> OMS/ztmcm/m/n on input line 30.
LaTeX Font Info:    Redeclaring symbol font `largesymbols' on input line 31.
LaTeX Font Info:    Overwriting symbol font `largesymbols' in version `normal'
(Font)                  OMX/cmex/m/n --> OMX/ztmcm/m/n on input line 31.
LaTeX Font Info:    Overwriting symbol font `largesymbols' in version `bold'
(Font)                  OMX/cmex/m/n --> OMX/ztmcm/m/n on input line 31.
\symbold=\mathgroup4
\symitalic=\mathgroup5
LaTeX Font Info:    Redeclaring math alphabet \mathbf on input line 34.
LaTeX Font Info:    Overwriting math alphabet `\mathbf' in version `normal'
(Font)                  OT1/cmr/bx/n --> OT1/ptm/bx/n on input line 34.
LaTeX Font Info:    Overwriting math alphabet `\mathbf' in version `bold'
(Font)                  OT1/cmr/bx/n --> OT1/ptm/bx/n on input line 34.
LaTeX Font Info:    Redeclaring math alphabet \mathit on input line 35.
LaTeX Font Info:    Overwriting math alphabet `\mathit' in version `normal'
(Font)                  OT1/cmr/m/it --> OT1/ptm/m/it on input line 35.
LaTeX Font Info:    Overwriting math alphabet `\mathit' in version `bold'
(Font)                  OT1/cmr/bx/it --> OT1/ptm/m/it on input line 35.
LaTeX Info: Redefining \hbar on input line 50.
)
(/usr/local/texlive/2011/texmf-dist/tex/latex/minitoc/minitoc.sty
Package: minitoc 2008/07/16 v60 Package minitoc (JPFD)

(/usr/local/texlive/2011/texmf-dist/tex/latex/minitoc/mtcmess.sty
Package: mtcmess 2006/03/14
)
Package minitoc Info: I0001
(minitoc)             *** minitoc package, version 60 ***.
\tf@mtc=\write3
\mtcindent=\skip43
\mtcskipamount=\skip44
Package minitoc Info: I0005
(minitoc)             compatible with hyperref.
Package minitoc Info: I0023
(minitoc)             part level macros available.
Package minitoc Info: I0003
(minitoc)             chapter level macros available.
\mtc@toks=\toks15
\mtc@strutbox=\box26
\mtc@hstrutbox=\box27
Package minitoc Info: I0002
(minitoc)             Autoconfiguration of extensions.
\openout3 = `RapportDeBase.mtc0'.

\openout3 = `RapportDeBase.mtc'.


(./RapportDeBase.mtc0)
Package minitoc Info: I0012
(minitoc)             Long extensions (Unix-like) will be used.
Package minitoc Info: I0031
(minitoc)             ==> this version is configured for UNIX-like 
(minitoc)                 (long extensions) file names.
\openout3 = `RapportDeBase.mtc'.

\openout3 = `RapportDeBase.mtc0'.

\c@mtc=\count91
\c@minitocdepth=\count92
\c@ptc=\count93
\c@parttocdepth=\count94
\ptcindent=\skip45
Package minitoc Info: I0010
(minitoc)             The english language is selected.
(minitoc)              on input line 4910.

(/usr/local/texlive/2011/texmf-dist/tex/latex/minitoc/english.mld
File: english.mld 2006/01/13
)
(/usr/local/texlive/2011/texmf-dist/tex/latex/minitoc/english.mld
File: english.mld 2006/01/13
)
Package minitoc Info: I0010
(minitoc)             The french language is selected.
(minitoc)              on input line 4911.

(/usr/local/texlive/2011/texmf-dist/tex/latex/minitoc/french.mld
File: french.mld 2006/03/21
))
(/usr/local/texlive/2011/texmf-dist/tex/latex/algorithm2e/algorithm2e.sty
Package: algorithm2e 2008/00/00 v3.10 algorithms environments
\c@AlgoLine=\count95

(/usr/local/texlive/2011/texmf-dist/tex/latex/base/ifthen.sty
Package: ifthen 2001/05/26 v1.1c Standard LaTeX ifthen package (DPC)
)
(/usr/local/texlive/2011/texmf-dist/tex/latex/tools/xspace.sty
Package: xspace 2006/05/08 v1.12 Space after command names (DPC,MH)
)
(/usr/local/texlive/2011/texmf-dist/tex/latex/relsize/relsize.sty
Package: relsize 2003/07/04 ver 3.1
)
********************************************************
Package `algorithm2e' Release 4.01 -- december 14 2009 --
- algorithm2e-announce@lirmm.fr mailing list for announcement about releases
- algorithm2e-discussion@lirmm.fr mailing list for discussion about package
subscribe by emailing sympa@lirmm.fr with 'subscribe <list> <firstname name>'
- Author: Christophe Fiorio (fiorio@lirmm.fr)
********************************************************
\skiptotal=\skip46
\skiplinenumber=\skip47
\skiprule=\skip48
\skiphlne=\skip49
\skiptext=\skip50
\skiplength=\skip51
\algomargin=\skip52
\skipalgocfslide=\skip53
\algowidth=\dimen106
\inoutsize=\dimen107
\inoutline=\dimen108
\interspacetitleruled=\dimen109
\interspacealgoruled=\dimen110
\interspacetitleboxruled=\dimen111
\algocf@inoutbox=\box28
\algocf@inputbox=\box29
\AlCapSkip=\skip54
\AlCapHSkip=\skip55
\algocf@nlbox=\box30
\algocf@hangingbox=\box31
\algocf@capbox=\box32
\algoheightruledefault=\skip56
\algoheightrule=\skip57
\algotitleheightruledefault=\skip58
\algotitleheightrule=\skip59
\c@algocfline=\count96
\c@algocfproc=\count97
\c@algocf=\count98
\algocf@algoframe=\box33
\algocf@algobox=\box34
) (/usr/local/texlive/2011/texmf-dist/tex/latex/graphics/graphicx.sty
Package: graphicx 1999/02/16 v1.0f Enhanced LaTeX Graphics (DPC,SPQR)

(/usr/local/texlive/2011/texmf-dist/tex/latex/graphics/graphics.sty
Package: graphics 2009/02/05 v1.0o Standard LaTeX Graphics (DPC,SPQR)

(/usr/local/texlive/2011/texmf-dist/tex/latex/graphics/trig.sty
Package: trig 1999/03/16 v1.09 sin cos tan (DPC)
)
(/usr/local/texlive/2011/texmf-dist/tex/latex/latexconfig/graphics.cfg
File: graphics.cfg 2010/04/23 v1.9 graphics configuration of TeX Live
)
Package graphics Info: Driver file: pdftex.def on input line 91.

(/usr/local/texlive/2011/texmf-dist/tex/latex/pdftex-def/pdftex.def
File: pdftex.def 2011/05/27 v0.06d Graphics/color for pdfTeX

(/usr/local/texlive/2011/texmf-dist/tex/generic/oberdiek/infwarerr.sty
Package: infwarerr 2010/04/08 v1.3 Providing info/warning/message (HO)
)
(/usr/local/texlive/2011/texmf-dist/tex/generic/oberdiek/ltxcmds.sty
Package: ltxcmds 2011/04/18 v1.20 LaTeX kernel commands for general use (HO)
)
\Gread@gobject=\count99
))
\Gin@req@height=\dimen112
\Gin@req@width=\dimen113
)
(/usr/local/texlive/2011/texmf-dist/tex/latex/base/makeidx.sty
Package: makeidx 2000/03/29 v1.0m Standard LaTeX package
)
(/usr/local/texlive/2011/texmf-dist/tex/latex/graphics/lscape.sty
Package: lscape 2000/10/22 v3.01 Landscape Pages (DPC)
)
(/usr/local/texlive/2011/texmf-dist/tex/latex/natbib/natbib.sty
Package: natbib 2010/09/13 8.31b (PWD, AO)
\bibhang=\skip60
\bibsep=\skip61
LaTeX Info: Redefining \cite on input line 694.
\c@NAT@ctr=\count100
)
(/usr/local/texlive/2011/texmf-dist/tex/latex/here/here.sty)
(/usr/local/texlive/2011/texmf-dist/tex/latex/float/float.sty
Package: float 2001/11/08 v1.3d Float enhancements (AL)
\c@float@type=\count101
\float@exts=\toks16
\float@box=\box35
\@float@everytoks=\toks17
\@floatcapt=\box36
)
(/usr/local/texlive/2011/texmf-dist/tex/latex/hyperref/hyperref.sty
Package: hyperref 2011/04/17 v6.82g Hypertext links for LaTeX

(/usr/local/texlive/2011/texmf-dist/tex/generic/oberdiek/hobsub-hyperref.sty
Package: hobsub-hyperref 2011/04/23 v1.4 Bundle oberdiek, subset hyperref (HO)

(/usr/local/texlive/2011/texmf-dist/tex/generic/oberdiek/hobsub-generic.sty
Package: hobsub-generic 2011/04/23 v1.4 Bundle oberdiek, subset generic (HO)
Package: hobsub 2011/04/23 v1.4 Subsetting bundle oberdiek (HO)
Package hobsub Info: Skipping package `infwarerr' (already loaded).
Package hobsub Info: Skipping package `ltxcmds' (already loaded).
Package: ifluatex 2010/03/01 v1.3 Provides the ifluatex switch (HO)
Package ifluatex Info: LuaTeX not detected.
Package: ifvtex 2010/03/01 v1.5 Switches for detecting VTeX and its modes (HO)
Package ifvtex Info: VTeX not detected.
Package: intcalc 2007/09/27 v1.1 Expandable integer calculations (HO)
Package: ifpdf 2011/01/30 v2.3 Provides the ifpdf switch (HO)
Package ifpdf Info: pdfTeX in PDF mode is detected.
Package: etexcmds 2011/02/16 v1.5 Prefix for e-TeX command names (HO)
Package etexcmds Info: Could not find \expanded.
(etexcmds)             That can mean that you are not using pdfTeX 1.50 or
(etexcmds)             that some package has redefined \expanded.
(etexcmds)             In the latter case, load this package earlier.
Package: kvsetkeys 2011/04/07 v1.13 Key value parser (HO)
Package: kvdefinekeys 2011/04/07 v1.3 Defining keys (HO)
Package: pdftexcmds 2011/04/22 v0.16 Utilities of pdfTeX for LuaTeX (HO)
Package pdftexcmds Info: LuaTeX not detected.
Package pdftexcmds Info: \pdf@primitive is available.
Package pdftexcmds Info: \pdf@ifprimitive is available.
Package pdftexcmds Info: \pdfdraftmode found.
Package: pdfescape 2011/04/04 v1.12 Provides string conversions (HO)
Package: bigintcalc 2011/01/30 v1.2 Expandable big integer calculations (HO)
Package: bitset 2011/01/30 v1.1 Data type bit set (HO)
Package: uniquecounter 2011/01/30 v1.2 Provides unlimited unique counter (HO)
)
Package hobsub Info: Skipping package `hobsub' (already loaded).
Package: letltxmacro 2010/09/02 v1.4 Let assignment for LaTeX macros (HO)
Package: hopatch 2011/01/30 v1.0 Wrapper for package hooks (HO)
Package: xcolor-patch 2011/01/30 xcolor patch
Package: atveryend 2011/04/23 v1.7 Hooks at very end of document (HO)
Package atveryend Info: \enddocument detected (standard).
Package: atbegshi 2011/01/30 v1.15 At begin shipout hook (HO)
Package: refcount 2010/12/01 v3.2 Data extraction from references (HO)
Package: hycolor 2011/01/30 v1.7 Color options of hyperref/bookmark (HO)
)
(/usr/local/texlive/2011/texmf-dist/tex/generic/ifxetex/ifxetex.sty
Package: ifxetex 2010/09/12 v0.6 Provides ifxetex conditional
)
(/usr/local/texlive/2011/texmf-dist/tex/latex/oberdiek/kvoptions.sty
Package: kvoptions 2010/12/23 v3.10 Keyval support for LaTeX options (HO)
)
\@linkdim=\dimen114
\Hy@linkcounter=\count102
\Hy@pagecounter=\count103

(/usr/local/texlive/2011/texmf-dist/tex/latex/hyperref/pd1enc.def
File: pd1enc.def 2011/04/17 v6.82g Hyperref: PDFDocEncoding definition (HO)
)
\Hy@SavedSpaceFactor=\count104

(/usr/local/texlive/2011/texmf-dist/tex/latex/latexconfig/hyperref.cfg
File: hyperref.cfg 2002/06/06 v1.2 hyperref configuration of TeXLive
)
Package hyperref Info: Hyper figures OFF on input line 4026.
Package hyperref Info: Link nesting OFF on input line 4031.
Package hyperref Info: Hyper index ON on input line 4034.
Package hyperref Info: Plain pages OFF on input line 4041.
Package hyperref Info: Backreferencing OFF on input line 4046.
Package hyperref Info: Implicit mode ON; LaTeX internals redefined.
Package hyperref Info: Bookmarks ON on input line 4264.
\c@Hy@tempcnt=\count105

(/usr/local/texlive/2011/texmf-dist/tex/latex/url/url.sty
\Urlmuskip=\muskip10
Package: url 2006/04/12  ver 3.3  Verb mode for urls, etc.
)
LaTeX Info: Redefining \url on input line 4617.
\Fld@menulength=\count106
\Field@Width=\dimen115
\Fld@charsize=\dimen116
Package hyperref Info: Hyper figures OFF on input line 5701.
Package hyperref Info: Link nesting OFF on input line 5706.
Package hyperref Info: Hyper index ON on input line 5709.
Package hyperref Info: backreferencing OFF on input line 5716.
Package hyperref Info: Link coloring OFF on input line 5721.
Package hyperref Info: Link coloring with OCG OFF on input line 5726.
Package hyperref Info: PDF/A mode OFF on input line 5731.
LaTeX Info: Redefining \ref on input line 5771.
LaTeX Info: Redefining \pageref on input line 5775.
\Hy@abspage=\count107
\c@Item=\count108
\c@Hfootnote=\count109
)

Package hyperref Message: Driver (autodetected): hpdftex.

(/usr/local/texlive/2011/texmf-dist/tex/latex/hyperref/hpdftex.def
File: hpdftex.def 2011/04/17 v6.82g Hyperref driver for pdfTeX
\Fld@listcount=\count110
\c@bookmark@seq@number=\count111

(/usr/local/texlive/2011/texmf-dist/tex/latex/oberdiek/rerunfilecheck.sty
Package: rerunfilecheck 2011/04/15 v1.7 Rerun checks for auxiliary files (HO)
Package uniquecounter Info: New unique counter `rerunfilecheck' on input line 2
82.
)
\Hy@SectionHShift=\skip62
)
(/usr/local/texlive/2011/texmf-dist/tex/latex/listings/listings.sty
\lst@mode=\count112
\lst@gtempboxa=\box37
\lst@token=\toks18
\lst@length=\count113
\lst@currlwidth=\dimen117
\lst@column=\count114
\lst@pos=\count115
\lst@lostspace=\dimen118
\lst@width=\dimen119
\lst@newlines=\count116
\lst@lineno=\count117
\lst@maxwidth=\dimen120

(/usr/local/texlive/2011/texmf-dist/tex/latex/listings/lstmisc.sty
File: lstmisc.sty 2007/02/22 1.4 (Carsten Heinz)
\c@lstnumber=\count118
\lst@skipnumbers=\count119
\lst@framebox=\box38
)
(/usr/local/texlive/2011/texmf-dist/tex/latex/listings/listings.cfg
File: listings.cfg 2007/02/22 1.4 listings configuration
))
Package: listings 2007/02/22 1.4 (Carsten Heinz)

(/usr/local/texlive/2011/texmf-dist/tex/latex/graphics/color.sty
Package: color 2005/11/14 v1.0j Standard LaTeX Color (DPC)

(/usr/local/texlive/2011/texmf-dist/tex/latex/latexconfig/color.cfg
File: color.cfg 2007/01/18 v1.5 color configuration of teTeX/TeXLive
)
Package color Info: Driver file: pdftex.def on input line 130.
)
(/usr/local/texlive/2011/texmf-dist/tex/latex/base/inputenc.sty
Package: inputenc 2008/03/30 v1.1d Input encoding file
\inpenc@prehook=\toks19
\inpenc@posthook=\toks20

(/usr/local/texlive/2011/texmf-dist/tex/latex/ucs/utf8x.def
File: utf8x.def 2004/10/17 UCS: Input encoding UTF-8
))
(/usr/local/texlive/2011/texmf-dist/tex/latex/ucs/ucs.sty
Package: ucs 2004/10/17 UCS: Unicode input support

(/usr/local/texlive/2011/texmf-dist/tex/latex/ucs/data/uni-global.def
File: uni-global.def 2004/10/17 UCS: Unicode global data
)
\uc@secondtry=\count120
\uc@combtoks=\toks21
\uc@combtoksb=\toks22
\uc@temptokena=\toks23
)
(/usr/local/texlive/2011/texmf-dist/tex/latex/geometry/geometry.sty
Package: geometry 2010/09/12 v5.6 Page Geometry
\Gm@cnth=\count121
\Gm@cntv=\count122
\c@Gm@tempcnt=\count123
\Gm@bindingoffset=\dimen121
\Gm@wd@mp=\dimen122
\Gm@odd@mp=\dimen123
\Gm@even@mp=\dimen124
\Gm@layoutwidth=\dimen125
\Gm@layoutheight=\dimen126
\Gm@layouthoffset=\dimen127
\Gm@layoutvoffset=\dimen128
\Gm@dimlist=\toks24
)
(/usr/local/texlive/2011/texmf-dist/tex/latex/pdfpages/pdfpages.sty
Package: pdfpages 2011/03/10 v0.4n Insert pages of external PDF documents (AM)

(/usr/local/texlive/2011/texmf-dist/tex/latex/tools/calc.sty
Package: calc 2007/08/22 v4.3 Infix arithmetic (KKT,FJ)
\calc@Acount=\count124
\calc@Bcount=\count125
\calc@Adimen=\dimen129
\calc@Bdimen=\dimen130
\calc@Askip=\skip63
\calc@Bskip=\skip64
LaTeX Info: Redefining \setlength on input line 76.
LaTeX Info: Redefining \addtolength on input line 77.
\calc@Ccount=\count126
\calc@Cskip=\skip65
)
(/usr/local/texlive/2011/texmf-dist/tex/latex/eso-pic/eso-pic.sty
Package: eso-pic 2010/10/06 v2.0c eso-pic (RN)
)
(/usr/local/texlive/2011/texmf-dist/tex/latex/pdfpages/pppdftex.def
File: pppdftex.def 2011/03/10 v0.4n Pdfpages driver for pdfTeX (AM)
)
\AM@pagebox=\box39
\AM@toc@title=\toks25
\c@AM@survey=\count127
\AM@templatesizebox=\box40
)
\@glossaryfile=\write4
\openout4 = `RapportDeBase.glo'.


Writing glossary file RapportDeBase.glo 
(./RapportDeBase.aux (./Chapitres/Remerciements.aux)
(./Chapitres/tableMatiere.aux) (./Chapitres/Introduction.aux)
(./Chapitres/Contexte.aux) (./Chapitres/EtatArt.aux)
(./Chapitres/Methodologie.aux

LaTeX Warning: Label `Traitement2' multiply defined.

) (./Chapitres/Resultats.aux) (./Chapitres/Conclusion.aux)
(./Chapitres/Glossaire.aux) (./Chapitres/Annexes.aux))
\openout1 = `RapportDeBase.aux'.

LaTeX Font Info:    Checking defaults for OML/cmm/m/it on input line 32.
LaTeX Font Info:    ... okay on input line 32.
LaTeX Font Info:    Checking defaults for T1/cmr/m/n on input line 32.
LaTeX Font Info:    ... okay on input line 32.
LaTeX Font Info:    Checking defaults for OT1/cmr/m/n on input line 32.
LaTeX Font Info:    ... okay on input line 32.
LaTeX Font Info:    Checking defaults for OMS/cmsy/m/n on input line 32.
LaTeX Font Info:    ... okay on input line 32.
LaTeX Font Info:    Checking defaults for OMX/cmex/m/n on input line 32.
LaTeX Font Info:    ... okay on input line 32.
LaTeX Font Info:    Checking defaults for U/cmr/m/n on input line 32.
LaTeX Font Info:    ... okay on input line 32.
LaTeX Font Info:    Checking defaults for PD1/pdf/m/n on input line 32.
LaTeX Font Info:    ... okay on input line 32.
LaTeX Font Info:    Try loading font information for T1+ptm on input line 32.

(/usr/local/texlive/2011/texmf-dist/tex/latex/psnfss/t1ptm.fd
File: t1ptm.fd 2001/06/04 font definitions for T1/ptm.
)
LaTeX Info: Redefining \degres on input line 32.
LaTeX Info: Redefining \dots on input line 32.
LaTeX Info: Redefining \up on input line 32.
\big@size=\dimen131
Package minitoc(hints) Info: I0049
(minitoc(hints))             ==> You requested the hints option. 
(minitoc(hints))             Some hints are eventually given below.


Package minitoc(hints) Warning: W0030
(minitoc(hints))                --- The \part command is altered 
(minitoc(hints))                after minitoc.


Package minitoc(hints) Warning: W0023
(minitoc(hints))                --- It may be the consequence 
(minitoc(hints))                of loading the ``hyperref'' package.


Package minitoc(hints) Warning: W0028
(minitoc(hints))                --- The \chapter command is altered 
(minitoc(hints))                after minitoc.


Package minitoc(hints) Warning: W0023
(minitoc(hints))                --- It may be the consequence 
(minitoc(hints))                of loading the ``hyperref'' package.

(/usr/local/texlive/2011/texmf-dist/tex/context/base/supp-pdf.mkii
[Loading MPS to PDF converter (version 2006.09.02).]
\scratchcounter=\count128
\scratchdimen=\dimen132
\scratchbox=\box41
\nofMPsegments=\count129
\nofMParguments=\count130
\everyMPshowfont=\toks26
\MPscratchCnt=\count131
\MPscratchDim=\dimen133
\MPnumerator=\count132
\makeMPintoPDFobject=\count133
\everyMPtoPDFconversion=\toks27
) (/usr/local/texlive/2011/texmf-dist/tex/latex/oberdiek/epstopdf-base.sty
Package: epstopdf-base 2010/02/09 v2.5 Base part for package epstopdf

(/usr/local/texlive/2011/texmf-dist/tex/latex/oberdiek/grfext.sty
Package: grfext 2010/08/19 v1.1 Managing graphics extensions (HO)
)
Package grfext Info: Graphics extension search list:
(grfext)             [.png,.pdf,.jpg,.mps,.jpeg,.jbig2,.jb2,.PNG,.PDF,.JPG,.JPE
G,.JBIG2,.JB2,.eps]
(grfext)             \AppendGraphicsExtensions on input line 452.

(/usr/local/texlive/2011/texmf-dist/tex/latex/latexconfig/epstopdf-sys.cfg
File: epstopdf-sys.cfg 2010/07/13 v1.3 Configuration of (r)epstopdf for TeX Liv
e
))
\AtBeginShipoutBox=\box42
Package hyperref Info: Link coloring OFF on input line 32.

(/usr/local/texlive/2011/texmf-dist/tex/latex/hyperref/nameref.sty
Package: nameref 2010/04/30 v2.40 Cross-referencing by name of section

(/usr/local/texlive/2011/texmf-dist/tex/generic/oberdiek/gettitlestring.sty
Package: gettitlestring 2010/12/03 v1.4 Cleanup title references (HO)
)
\c@section@level=\count134
)
LaTeX Info: Redefining \ref on input line 32.
LaTeX Info: Redefining \pageref on input line 32.
LaTeX Info: Redefining \nameref on input line 32.

(./RapportDeBase.out) (./RapportDeBase.out)
\@outlinefile=\write5
\openout5 = `RapportDeBase.out'.

\c@lstlisting=\count135

(/usr/local/texlive/2011/texmf-dist/tex/latex/ucs/ucsencs.def
File: ucsencs.def 2003/11/29 Fixes to fontencodings LGR, T3
)
*geometry* driver: auto-detecting
*geometry* detected driver: pdftex

Package geometry Warning: The marginal notes overrun the paper.
     Add 38.0945pt and more to the right margin.

*geometry* verbose mode - [ preamble ] result:
* driver: pdftex
* paper: a4paper
* layout: <same size as paper>
* layoutoffset:(h,v)=(0.0pt,0.0pt)
* modes: twoside 
* h-part:(L,W,R)=(85.35826pt, 455.24411pt, 56.9055pt)
* v-part:(T,H,B)=(56.9055pt, 731.23584pt, 56.9055pt)
* \paperwidth=597.50787pt
* \paperheight=845.04684pt
* \textwidth=455.24411pt
* \textheight=731.23584pt
* \oddsidemargin=13.08827pt
* \evensidemargin=-15.36449pt
* \topmargin=-27.36449pt
* \headheight=12.0pt
* \headsep=0.0pt
* \topskip=12.0pt
* \footskip=30.0pt
* \marginparwidth=85.0pt
* \marginparsep=10.0pt
* \columnsep=10.0pt
* \skip\footins=10.8pt plus 4.0pt minus 2.0pt
* \hoffset=0.0pt
* \voffset=0.0pt
* \mag=1000
* \@twocolumnfalse
* \@twosidetrue
* \@mparswitchtrue
* \@reversemarginfalse
* (1in=72.27pt=25.4mm, 1cm=28.453pt)

<page_gardeM2.pdf, id=174, page=1, 597.52231pt x 845.0471pt>
File: page_gardeM2.pdf Graphic file (type pdf)

<use page_gardeM2.pdf, page 1>
Package pdftex.def Info: page_gardeM2.pdf, page1 used on input line 35.
(pdftex.def)             Requested size: 597.52086pt x 845.04504pt.
File: page_gardeM2.pdf Graphic file (type pdf)
 <use page_gardeM2.pdf, page 1>
Package pdftex.def Info: page_gardeM2.pdf, page1 used on input line 35.
(pdftex.def)             Requested size: 597.5482pt x 845.08372pt.
File: page_gardeM2.pdf Graphic file (type pdf)

<use page_gardeM2.pdf, page 1>
Package pdftex.def Info: page_gardeM2.pdf, page1 used on input line 35.
(pdftex.def)             Requested size: 597.5482pt x 845.08372pt.
File: page_gardeM2.pdf Graphic file (type pdf)
 <use page_gardeM2.pdf, page 1>
Package pdftex.def Info: page_gardeM2.pdf, page1 used on input line 35.
(pdftex.def)             Requested size: 597.5482pt x 845.08372pt.
File: page_gardeM2.pdf Graphic file (type pdf)

<use page_gardeM2.pdf, page 1>
Package pdftex.def Info: page_gardeM2.pdf, page1 used on input line 35.
(pdftex.def)             Requested size: 597.5482pt x 845.08372pt.
 [1

 <./page_gardeM2.pdf>]
\openout2 = `Chapitres/Remerciements.aux'.


(./Chapitres/Remerciements.tex
LaTeX Font Info:    Font shape `T1/ptm/bx/n' in size <24.88> not available
(Font)              Font shape `T1/ptm/b/n' tried instead on input line 1.

(/usr/local/texlive/2011/texmf-dist/tex/latex/ucs/data/uni-0.def
File: uni-0.def 2004/10/17 UCS: Unicode data U+0000..U+00FF
)
Underfull \hbox (badness 10000) in paragraph at lines 4--5

 []


Underfull \hbox (badness 10000) in paragraph at lines 6--7

 []


Underfull \hbox (badness 10000) in paragraph at lines 8--9

 []


Underfull \hbox (badness 10000) in paragraph at lines 10--11

 []


Underfull \hbox (badness 10000) in paragraph at lines 12--13

 []

) [1


{/usr/local/texlive/2011/texmf-var/fonts/map/pdftex/updmap/pdftex.map}]
\openout2 = `Chapitres/tableMatiere.aux'.


(./Chapitres/tableMatiere.tex (./RapportDeBase.toc
LaTeX Font Info:    Font shape `T1/ptm/bx/n' in size <12> not available
(Font)              Font shape `T1/ptm/b/n' tried instead on input line 2.
LaTeX Font Info:    Try loading font information for OT1+ztmcm on input line 4.


(/usr/local/texlive/2011/texmf-dist/tex/latex/psnfss/ot1ztmcm.fd
File: ot1ztmcm.fd 2000/01/03 Fontinst v1.801 font definitions for OT1/ztmcm.
)
LaTeX Font Info:    Try loading font information for OML+ztmcm on input line 4.


(/usr/local/texlive/2011/texmf-dist/tex/latex/psnfss/omlztmcm.fd
File: omlztmcm.fd 2000/01/03 Fontinst v1.801 font definitions for OML/ztmcm.
)
LaTeX Font Info:    Try loading font information for OMS+ztmcm on input line 4.


(/usr/local/texlive/2011/texmf-dist/tex/latex/psnfss/omsztmcm.fd
File: omsztmcm.fd 2000/01/03 Fontinst v1.801 font definitions for OMS/ztmcm.
)
LaTeX Font Info:    Try loading font information for OMX+ztmcm on input line 4.


(/usr/local/texlive/2011/texmf-dist/tex/latex/psnfss/omxztmcm.fd
File: omxztmcm.fd 2000/01/03 Fontinst v1.801 font definitions for OMX/ztmcm.
)
LaTeX Font Info:    Try loading font information for OT1+ptm on input line 4.

(/usr/local/texlive/2011/texmf-dist/tex/latex/psnfss/ot1ptm.fd
File: ot1ptm.fd 2001/06/04 font definitions for OT1/ptm.
)
LaTeX Font Info:    Font shape `OT1/ptm/bx/n' in size <12> not available
(Font)              Font shape `OT1/ptm/b/n' tried instead on input line 4.
LaTeX Font Info:    Font shape `OT1/ptm/bx/n' in size <9> not available
(Font)              Font shape `OT1/ptm/b/n' tried instead on input line 4.
LaTeX Font Info:    Font shape `OT1/ptm/bx/n' in size <7> not available
(Font)              Font shape `OT1/ptm/b/n' tried instead on input line 4.
 [2



])
\tf@toc=\write6
\openout6 = `RapportDeBase.toc'.

) [3]
\openout2 = `Chapitres/Introduction.aux'.


(./Chapitres/Introduction.tex
Chapitre 1.

Underfull \hbox (badness 10000) in paragraph at lines 3--4

 []


Underfull \hbox (badness 10000) in paragraph at lines 5--6

 []


Underfull \hbox (badness 10000) in paragraph at lines 7--8

 []


Underfull \hbox (badness 10000) in paragraph at lines 11--12

 []


Underfull \hbox (badness 10000) in paragraph at lines 15--16

 []


Underfull \hbox (badness 10000) in paragraph at lines 17--18

 []


Underfull \hbox (badness 10000) in paragraph at lines 19--20

 []

pdfTeX warning (ext4): destination with the same identifier (name{page.1}) has 
been already used, duplicate ignored
<to be read again> 
                   \relax 
l.20 
      [1



]
Underfull \hbox (badness 10000) in paragraph at lines 22--23

 []


Underfull \hbox (badness 10000) in paragraph at lines 25--26

 []


Underfull \hbox (badness 10000) in paragraph at lines 27--28

 []


Underfull \hbox (badness 10000) in paragraph at lines 29--30

 []


Underfull \hbox (badness 10000) in paragraph at lines 31--32

 []

) [2]
\openout2 = `Chapitres/Contexte.aux'.

 (./Chapitres/Contexte.tex
Chapitre 2.
LaTeX Font Info:    Font shape `T1/ptm/bx/n' in size <17.28> not available
(Font)              Font shape `T1/ptm/b/n' tried instead on input line 5.

Overfull \hbox (3.12767pt too wide) in paragraph at lines 10--11
\T1/ptm/m/n/12 dé-fi-nis dans le contexte de la dé-ser-ti-fi-ca-tion et risque 
de dé-gra-da-tion. Le contexte environnement-
 []


Underfull \hbox (badness 10000) in paragraph at lines 10--11

 []


Underfull \hbox (badness 10000) in paragraph at lines 12--13

 []


Underfull \hbox (badness 10000) in paragraph at lines 14--16

 []


Underfull \hbox (badness 10000) in paragraph at lines 17--18

 []


Underfull \hbox (badness 10000) in paragraph at lines 25--26

 []


Underfull \hbox (badness 10000) in paragraph at lines 27--28

 []

[3



] (/usr/local/texlive/2011/texmf-dist/tex/latex/ucs/data/uni-32.def
File: uni-32.def 2004/10/17 UCS: Unicode data U+2000..U+20FF
)
LaTeX Font Info:    Font shape `T1/ptm/bx/n' in size <14.4> not available
(Font)              Font shape `T1/ptm/b/n' tried instead on input line 50.

Underfull \hbox (badness 10000) in paragraph at lines 52--53

 []


Underfull \hbox (badness 10000) in paragraph at lines 56--57

 []


Underfull \hbox (badness 10000) in paragraph at lines 77--78

 []


Overfull \hbox (2.36298pt too wide) in paragraph at lines 80--81
\T1/ptm/m/n/12 contexte environnement-santé, choix de l'ar-chi-tec-ture et im-p
lé-men-ta-tion des ou-tils (chaîne
 []


Underfull \hbox (badness 10000) in paragraph at lines 80--81

 []

[4] (/usr/local/texlive/2011/texmf-dist/tex/latex/ucs/data/uni-1.def
File: uni-1.def 2004/10/17 UCS: Unicode data U+0100..U+01FF
)
Underfull \hbox (badness 10000) in paragraph at lines 84--85

 []


Underfull \hbox (badness 10000) in paragraph at lines 86--87

 []

) [5]
\openout2 = `Chapitres/EtatArt.aux'.

 (./Chapitres/EtatArt.tex
Chapitre 3.

Overfull \hbox (6.9997pt too wide) in paragraph at lines 3--4
[]\T1/ptm/m/n/12 Sans être ex-haus-tifs, nous re-la-tons ici, les prin-cipes re
-la-tifs à la pro-blé-ma-tique environnement-
 []


Overfull \hbox (2.51321pt too wide) in paragraph at lines 19--20
[]\T1/ptm/m/n/12 Le mé-de-cin fran-çais Al-phonse La-ve-ran a dé-cou-vert la ca
use de la ma-la-die en 1880 à Constan-
 []

[6



]
Overfull \hbox (1.96107pt too wide) in paragraph at lines 31--33
[]\T1/ptm/m/n/12 Pour dé-fi-nir l'aléa pour le risque sa-ni-taire, nous nous ap
-puyons sur les tra-vaux de ([]C. Aschan-
 []

[7]
Underfull \hbox (badness 10000) in paragraph at lines 63--64

 []


Underfull \vbox (badness 4441) has occurred while \output is active []

 [8]

Package frenchb.ldf Warning: Degrees would look better in TS1-encoding: 
(frenchb.ldf)                add \usepackage{textcomp} to the preamble. 
(frenchb.ldf)                Degrees used on input line 98.

[9]
Overfull \hbox (51.60683pt too wide) in paragraph at lines 127--128
 []\T1/ptm/b/n/12 Végétation :[] \T1/ptm/m/n/12 Cer-tains types de vé-gé-ta-tio
n servent comme ha-bi-tat pour les mous-tiques adultes.([]Minakawa
 []


Underfull \hbox (badness 10000) in paragraph at lines 131--132

 []

[10]

Package natbib Warning: Citation `Ermert' on page 11 undefined on input line 16
9.


Overfull \hbox (0.82343pt too wide) in paragraph at lines 207--208
 []\T1/ptm/b/n/12 Croissance dé-mo-gra-phique / Fac-teurs socio-économiques[] \
T1/ptm/m/n/12 Le sta-tut socio-économique d'un
 []

[11]
Underfull \hbox (badness 10000) in paragraph at lines 214--215

 []

[12] <AleaVulnerab.png, id=419, 460.119pt x 787.743pt>
File: AleaVulnerab.png Graphic file (type png)
 <use AleaVulnerab.png>
Package pdftex.def Info: AleaVulnerab.png used on input line 221.
(pdftex.def)             Requested size: 256.0748pt x 438.42857pt.

Underfull \vbox (badness 10000) has occurred while \output is active []

 [13 <./AleaVulnerab.png>] [14]) [15]
\openout2 = `Chapitres/Methodologie.aux'.

 (./Chapitres/Methodologie.tex
Chapitre 4.

Underfull \hbox (badness 10000) in paragraph at lines 3--4

 []


Underfull \hbox (badness 10000) in paragraph at lines 6--7

 []


Underfull \hbox (badness 10000) in paragraph at lines 8--9

 []


Underfull \hbox (badness 10000) in paragraph at lines 20--21

 []

[16



] <UML2_malaria.pdf, id=446, 845.1575pt x 597.23125pt>
File: UML2_malaria.pdf Graphic file (type pdf)

<use UML2_malaria.pdf>
Package pdftex.def Info: UML2_malaria.pdf used on input line 24.
(pdftex.def)             Requested size: 654.41338pt x 462.45757pt.

Underfull \hbox (badness 10000) in paragraph at lines 24--25

 []


LaTeX Warning: Float too large for page by 48.81136pt on input line 26.


LaTeX Warning: `h' float specifier changed to `ht'.

[17 <./UML2_malaria.pdf, page is rotated 90 degrees>]
Underfull \hbox (badness 10000) in paragraph at lines 40--41

 []


Underfull \hbox (badness 10000) in paragraph at lines 44--45

 []


Underfull \hbox (badness 10000) in paragraph at lines 47--48

 []

[18


] <UMLSimplif_malaria.pdf, id=459, 845.1575pt x 597.23125pt>
File: UMLSimplif_malaria.pdf Graphic file (type pdf)

<use UMLSimplif_malaria.pdf>
Package pdftex.def Info: UMLSimplif_malaria.pdf used on input line 56.
(pdftex.def)             Requested size: 569.05511pt x 402.12949pt.

Overfull \hbox (113.811pt too wide) in paragraph at lines 56--56
 [][] 
 []


Underfull \hbox (badness 10000) in paragraph at lines 61--62

 []


Underfull \hbox (badness 10000) in paragraph at lines 66--67

 []


Underfull \hbox (badness 10000) in paragraph at lines 79--80

 []

[19 <./UMLSimplif_malaria.pdf, page is rotated 90 degrees>]
Underfull \hbox (badness 10000) in paragraph at lines 81--82

 []

<Traitement1.png, id=468, 411.09586pt x 127.677pt>
File: Traitement1.png Graphic file (type png)
 <use Traitement1.png>
Package pdftex.def Info: Traitement1.png used on input line 86.
(pdftex.def)             Requested size: 411.09485pt x 127.67668pt.

Underfull \hbox (badness 10000) in paragraph at lines 91--94

 []


Underfull \hbox (badness 10000) in paragraph at lines 98--99

 []


Underfull \hbox (badness 10000) in paragraph at lines 102--103

 []

<DescriptionTraitement5712.png, id=470, 1403.2425pt x 560.0925pt>
File: DescriptionTraitement5712.png Graphic file (type png)

<use DescriptionTraitement5712.png>
Package pdftex.def Info: DescriptionTraitement5712.png used on input line 110.
(pdftex.def)             Requested size: 426.79134pt x 170.3451pt.
 [20 <./Traitement1.png (PNG copy)>]
Underfull \hbox (badness 10000) in paragraph at lines 117--118

 []


Underfull \hbox (badness 10000) in paragraph at lines 119--120

 []


Underfull \hbox (badness 10000) in paragraph at lines 121--122

 []

[21 <./DescriptionTraitement5712.png (PNG copy)>]
Underfull \hbox (badness 10000) in paragraph at lines 136--137

 []

<DescriptionDonnees.png, id=488, 620.3175pt x 344.28625pt>
File: DescriptionDonnees.png Graphic file (type png)

<use DescriptionDonnees.png>
Package pdftex.def Info: DescriptionDonnees.png used on input line 140.
(pdftex.def)             Requested size: 256.0748pt x 142.1249pt.

Underfull \hbox (badness 10000) in paragraph at lines 145--146

 []

[22 <./DescriptionDonnees.png (PNG copy)>]
Underfull \hbox (badness 10000) in paragraph at lines 162--163

 []

<ModeleDonneesMin.png, id=497, 1770.615pt x 960.58875pt>
File: ModeleDonneesMin.png Graphic file (type png)

<use ModeleDonneesMin.png>
Package pdftex.def Info: ModeleDonneesMin.png used on input line 166.
(pdftex.def)             Requested size: 455.24408pt x 246.97693pt.

Underfull \hbox (badness 10000) in paragraph at lines 172--174

 []


Underfull \hbox (badness 10000) in paragraph at lines 175--176

 []


Underfull \hbox (badness 10000) in paragraph at lines 180--181

 []


Underfull \hbox (badness 10000) in paragraph at lines 190--192

 []

[23 <./ModeleDonneesMin.png (PNG copy)>]
Underfull \hbox (badness 10000) in paragraph at lines 193--194

 []


Underfull \hbox (badness 10000) in paragraph at lines 197--198

 []

<ModeleTraitements2.png, id=505, 2519.4125pt x 1270.7475pt>
File: ModeleTraitements2.png Graphic file (type png)

<use ModeleTraitements2.png>
Package pdftex.def Info: ModeleTraitements2.png used on input line 207.
(pdftex.def)             Requested size: 455.24408pt x 229.61662pt.

Underfull \hbox (badness 10000) in paragraph at lines 216--218

 []


Underfull \hbox (badness 10000) in paragraph at lines 219--220

 []

[24 <./ModeleTraitements2.png (PNG copy)>]
<LinGraphique.png, id=515, 935.495pt x 189.70876pt>
File: LinGraphique.png Graphic file (type png)
 <use LinGraphique.png>
Package pdftex.def Info: LinGraphique.png used on input line 225.
(pdftex.def)             Requested size: 455.24408pt x 92.31836pt.

Underfull \hbox (badness 10000) in paragraph at lines 232--233

 []

File: Traitement1.png Graphic file (type png)
<use Traitement1.png>
Package pdftex.def Info: Traitement1.png used on input line 237.
(pdftex.def)             Requested size: 411.09485pt x 127.67668pt.

Underfull \hbox (badness 10000) in paragraph at lines 248--249

 []


Underfull \hbox (badness 10000) in paragraph at lines 250--251

 []

<traitements21.png, id=518, 817.97595pt x 235.47975pt>
File: traitements21.png Graphic file (type png)
 <use traitements21.png>
Package pdftex.def Info: traitements21.png used on input line 256.
(pdftex.def)             Requested size: 426.79134pt x 122.86337pt.

[25 <./LinGraphique.png>]
Underfull \hbox (badness 10000) in paragraph at lines 265--266

 []


Underfull \hbox (badness 10000) in paragraph at lines 267--268

 []


Underfull \hbox (badness 10000) in paragraph at lines 269--270

 []

<Traitements31.png, id=527, 763.1712pt x 246.07935pt>
File: Traitements31.png Graphic file (type png)
 <use Traitements31.png>
Package pdftex.def Info: Traitements31.png used on input line 277.
(pdftex.def)             Requested size: 426.79134pt x 137.61574pt.

Underfull \hbox (badness 10000) in paragraph at lines 288--289

 []

[26 <./traitements21.png (PNG copy)> <./Traitements31.png (PNG copy)>]
Underfull \hbox (badness 10000) in paragraph at lines 290--291

 []

<Traitement41.png, id=536, 833.7549pt x 212.4738pt>
File: Traitement41.png Graphic file (type png)
 <use Traitement41.png>
Package pdftex.def Info: Traitement41.png used on input line 296.
(pdftex.def)             Requested size: 426.79134pt x 108.7622pt.

<traitementsInstancie.png, id=537, 3850.385pt x 1041.8925pt>
File: traitementsInstancie.png Graphic file (type png)

<use traitementsInstancie.png>
Package pdftex.def Info: traitementsInstancie.png used on input line 307.
(pdftex.def)             Requested size: 426.79134pt x 115.48291pt.

Underfull \hbox (badness 10000) in paragraph at lines 314--315

 []


Underfull \hbox (badness 10000) in paragraph at lines 316--317

 []


Underfull \hbox (badness 10000) in paragraph at lines 323--324

 []

[27 <./Traitement41.png (PNG copy)> <./traitementsInstancie.png (PNG copy)>]
<Architecture.png, id=546, 356.7729pt x 319.9152pt>
File: Architecture.png Graphic file (type png)
 <use Architecture.png>
Package pdftex.def Info: Architecture.png used on input line 327.
(pdftex.def)             Requested size: 341.43306pt x 306.17784pt.

Underfull \hbox (badness 10000) in paragraph at lines 336--337

 []


Underfull \hbox (badness 10000) in paragraph at lines 338--339

 []

[28 <./Architecture.png (PNG copy)>]
Underfull \hbox (badness 10000) in paragraph at lines 340--341

 []


Underfull \hbox (badness 10000) in paragraph at lines 342--343

 []


Underfull \hbox (badness 10000) in paragraph at lines 344--345

 []


Underfull \hbox (badness 10000) in paragraph at lines 348--349

 []


Underfull \hbox (badness 10000) in paragraph at lines 350--351

 []


Underfull \hbox (badness 10000) in paragraph at lines 361--362

 []


Underfull \hbox (badness 10000) in paragraph at lines 361--362

 []

<Chaine1.png, id=554, 550.055pt x 422.57875pt>
File: Chaine1.png Graphic file (type png)
 <use Chaine1.png>
Package pdftex.def Info: Chaine1.png used on input line 365.
(pdftex.def)             Requested size: 284.52756pt x 218.59447pt.

Underfull \vbox (badness 6396) has occurred while \output is active []

 [29]
Underfull \hbox (badness 10000) in paragraph at lines 373--374

 []


Underfull \hbox (badness 10000) in paragraph at lines 373--374

 []

<Chaine3.png, id=561, 694.595pt x 279.0425pt>
File: Chaine3.png Graphic file (type png)
 <use Chaine3.png>
Package pdftex.def Info: Chaine3.png used on input line 377.
(pdftex.def)             Requested size: 284.52756pt x 114.30597pt.

Underfull \hbox (badness 10000) in paragraph at lines 384--385

 []


Underfull \hbox (badness 10000) in paragraph at lines 384--385

 []

<Chaine2.png, id=562, 248.93pt x 350.30875pt>
File: Chaine2.png Graphic file (type png)
 <use Chaine2.png>
Package pdftex.def Info: Chaine2.png used on input line 389.
(pdftex.def)             Requested size: 170.71652pt x 240.24869pt.

Underfull \vbox (badness 3138) has occurred while \output is active []

 [30 <./Chaine1.png> <./Chaine3.png>]
Underfull \hbox (badness 10000) in paragraph at lines 401--402

 []


Underfull \hbox (badness 10000) in paragraph at lines 401--402

 []

<Chaine4.png, id=571, 1335.99126pt x 810.02625pt>
File: Chaine4.png Graphic file (type png)
 <use Chaine4.png>
Package pdftex.def Info: Chaine4.png used on input line 405.
(pdftex.def)             Requested size: 284.52756pt x 172.50836pt.

Underfull \hbox (badness 10000) in paragraph at lines 413--414

 []


Underfull \hbox (badness 10000) in paragraph at lines 413--414

 []

<Chaine5.png, id=572, 593.21625pt x 244.915pt>
File: Chaine5.png Graphic file (type png)
 <use Chaine5.png>
Package pdftex.def Info: Chaine5.png used on input line 417.
(pdftex.def)             Requested size: 284.52756pt x 117.4719pt.

Underfull \vbox (badness 2351) has occurred while \output is active []

 [31 <./Chaine2.png> <./Chaine4.png>]
Underfull \hbox (badness 10000) in paragraph at lines 425--426

 []


Underfull \hbox (badness 10000) in paragraph at lines 425--426

 []

(/usr/local/texlive/2011/texmf-dist/tex/latex/ucs/data/uni-34.def
File: uni-34.def 2004/10/17 UCS: Unicode data U+2200..U+22FF
)
Underfull \hbox (badness 10000) in paragraph at lines 431--432

 []

<Chaine6.png, id=581, 568.1225pt x 365.365pt>
File: Chaine6.png Graphic file (type png)
 <use Chaine6.png>
Package pdftex.def Info: Chaine6.png used on input line 436.
(pdftex.def)             Requested size: 284.52756pt x 182.98868pt.

Underfull \hbox (badness 10000) in paragraph at lines 443--444

 []


Underfull \hbox (badness 10000) in paragraph at lines 443--444

 []

<Chaine7.png, id=582, 497.86pt x 536.0025pt>
File: Chaine7.png Graphic file (type png)
 <use Chaine7.png>
Package pdftex.def Info: Chaine7.png used on input line 447.
(pdftex.def)             Requested size: 199.16928pt x 214.42992pt.

Underfull \vbox (badness 2680) has occurred while \output is active []

 [32 <./Chaine5.png> <./Chaine6.png>]
Underfull \hbox (badness 10000) in paragraph at lines 455--456

 []


Underfull \hbox (badness 10000) in paragraph at lines 455--456

 []

<Chaine13.png, id=592, 638.8668pt x 298.11375pt>
File: Chaine13.png Graphic file (type png)
 <use Chaine13.png>
Package pdftex.def Info: Chaine13.png used on input line 460.
(pdftex.def)             Requested size: 369.88582pt x 172.60132pt.

Underfull \hbox (badness 10000) in paragraph at lines 469--470

 []

<Chaine12.png, id=593, 814.7238pt x 426.75435pt>
File: Chaine12.png Graphic file (type png)
 <use Chaine12.png>
Package pdftex.def Info: Chaine12.png used on input line 473.
(pdftex.def)             Requested size: 369.88582pt x 193.74376pt.
 [33 <./Chaine7.png> <./Chaine13.png (PNG copy)>] [34 <./Chaine12.png (PNG copy
)>]
Underfull \hbox (badness 10000) in paragraph at lines 489--490

 []

<Logiciel1.png, id=608, 767.86874pt x 166.6225pt>
File: Logiciel1.png Graphic file (type png)
 <use Logiciel1.png>
Package pdftex.def Info: Logiciel1.png used on input line 501.
(pdftex.def)             Requested size: 284.52756pt x 61.74088pt.

Underfull \hbox (badness 10000) in paragraph at lines 509--510

 []

<Logiciel2.png, id=609, 247.92625pt x 349.305pt>
File: Logiciel2.png Graphic file (type png)
 <use Logiciel2.png>
Package pdftex.def Info: Logiciel2.png used on input line 513.
(pdftex.def)             Requested size: 113.81102pt x 160.34645pt.

Underfull \hbox (badness 10000) in paragraph at lines 520--521

 []

[35 <./Logiciel1.png> <./Logiciel2.png>]
<Logiciel3.png, id=619, 1197.47375pt x 600.2425pt>
File: Logiciel3.png Graphic file (type png)
 <use Logiciel3.png>
Package pdftex.def Info: Logiciel3.png used on input line 524.
(pdftex.def)             Requested size: 341.43306pt x 171.14415pt.

Underfull \hbox (badness 10000) in paragraph at lines 532--533

 []


Underfull \hbox (badness 10000) in paragraph at lines 534--535

 []


Underfull \hbox (badness 10000) in paragraph at lines 538--539

 []


Underfull \hbox (badness 10000) in paragraph at lines 540--542

 []


Underfull \hbox (badness 10000) in paragraph at lines 546--547

 []


Underfull \hbox (badness 10000) in paragraph at lines 549--551

 []


Underfull \hbox (badness 10000) in paragraph at lines 553--554

 []


Underfull \hbox (badness 10000) in paragraph at lines 555--556

 []

[36 <./Logiciel3.png>]
Underfull \hbox (badness 10000) in paragraph at lines 568--569

 []


Underfull \hbox (badness 10000) in paragraph at lines 568--569

 []


Underfull \hbox (badness 10000) in paragraph at lines 574--575

 []


Underfull \hbox (badness 10000) in paragraph at lines 578--579

 []


Underfull \hbox (badness 10000) in paragraph at lines 582--583

 []

[37] <Logiciel.png, id=636, 576.7146pt x 740.64705pt>
File: Logiciel.png Graphic file (type png)
 <use Logiciel.png>
Package pdftex.def Info: Logiciel.png used on input line 589.
(pdftex.def)             Requested size: 483.69684pt x 621.21257pt.

Overfull \hbox (28.45273pt too wide) in paragraph at lines 589--589
 [] 
 []

) [38 <./Logiciel.png (PNG copy)>]
\openout2 = `Chapitres/Resultats.aux'.

 (./Chapitres/Resultats.tex
Chapitre 5.

Underfull \hbox (badness 10000) in paragraph at lines 13--14

 []


Underfull \hbox (badness 10000) in paragraph at lines 17--20

 []

[39



]
Underfull \hbox (badness 10000) in paragraph at lines 21--22

 []


Underfull \hbox (badness 10000) in paragraph at lines 27--28

 []


Underfull \hbox (badness 10000) in paragraph at lines 29--30

 []


Underfull \hbox (badness 10000) in paragraph at lines 35--36

 []

LaTeX Font Info:    Try loading font information for T1+cmtt on input line 37.
(/usr/local/texlive/2011/texmf-dist/tex/latex/base/t1cmtt.fd
File: t1cmtt.fd 1999/05/25 v2.5h Standard LaTeX font definitions
)
Underfull \hbox (badness 10000) in paragraph at lines 37--38

 []

[40]
Underfull \hbox (badness 10000) in paragraph at lines 46--47

 []


Underfull \hbox (badness 10000) in paragraph at lines 48--49

 []


Underfull \hbox (badness 10000) in paragraph at lines 50--51

 []


Underfull \hbox (badness 10000) in paragraph at lines 52--53

 []


Underfull \hbox (badness 10000) in paragraph at lines 54--55

 []

[41]
Underfull \hbox (badness 10000) in paragraph at lines 62--63

 []


Underfull \hbox (badness 10000) in paragraph at lines 64--65

 []


Underfull \hbox (badness 10000) in paragraph at lines 66--67

 []

)
Underfull \hbox (badness 10000) in paragraph at lines 68--54

 []

[42]
\openout2 = `Chapitres/Conclusion.aux'.

 (./Chapitres/Conclusion.tex
Chapitre 6.
) [43



]
\openout2 = `Chapitres/Glossaire.aux'.

 (./Chapitres/Glossaire.tex
Chapitre 7.
) [44



]
\openout2 = `Chapitres/Annexes.aux'.

 (./Chapitres/Annexes.tex
Chapitre 8.

Package hyperref Warning: Difference (2) between bookmark levels is greater 
(hyperref)                than one, level fixed on input line 3.

[45



]
Underfull \hbox (badness 10000) in paragraph at lines 52--53

 []


Underfull \hbox (badness 10000) in paragraph at lines 54--55

 []

[46]
Underfull \hbox (badness 10000) in paragraph at lines 56--57

 []


Underfull \hbox (badness 10000) in paragraph at lines 58--59

 []


Underfull \hbox (badness 10000) in paragraph at lines 60--61

 []


Underfull \hbox (badness 10000) in paragraph at lines 62--63

 []


Underfull \hbox (badness 10000) in paragraph at lines 64--65

 []


Underfull \hbox (badness 10000) in paragraph at lines 66--67

 []


Underfull \hbox (badness 10000) in paragraph at lines 68--69

 []

[47]
Underfull \hbox (badness 10000) in paragraph at lines 80--81

 []


Underfull \hbox (badness 10000) in paragraph at lines 94--95

 []


Underfull \hbox (badness 10000) in paragraph at lines 102--103

 []


Underfull \hbox (badness 10000) in paragraph at lines 118--119

 []

[48]
Underfull \hbox (badness 10000) in paragraph at lines 124--125

 []


Underfull \hbox (badness 10000) in paragraph at lines 138--139

 []


Underfull \hbox (badness 10000) in paragraph at lines 144--145

 []


Underfull \hbox (badness 10000) in paragraph at lines 154--155

 []


Underfull \hbox (badness 10000) in paragraph at lines 159--160

 []


Underfull \hbox (badness 10000) in paragraph at lines 166--167

 []


Underfull \hbox (badness 10000) in paragraph at lines 178--179

 []


Underfull \vbox (badness 2359) has occurred while \output is active []

 [49]
Underfull \hbox (badness 10000) in paragraph at lines 188--190

 []


Underfull \hbox (badness 10000) in paragraph at lines 191--192

 []


Underfull \hbox (badness 10000) in paragraph at lines 193--194

 []


Underfull \hbox (badness 10000) in paragraph at lines 199--200

 []


Underfull \hbox (badness 10000) in paragraph at lines 207--208

 []


Underfull \hbox (badness 10000) in paragraph at lines 213--214

 []


Underfull \hbox (badness 10000) in paragraph at lines 223--224

 []

[50]
Underfull \hbox (badness 10000) in paragraph at lines 229--230

 []


Underfull \hbox (badness 10000) in paragraph at lines 242--243

 []


Underfull \hbox (badness 10000) in paragraph at lines 248--249

 []


Underfull \hbox (badness 10000) in paragraph at lines 259--261

 []


Underfull \hbox (badness 10000) in paragraph at lines 267--268

 []


Underfull \hbox (badness 10000) in paragraph at lines 278--279

 []

[51]
Underfull \hbox (badness 10000) in paragraph at lines 284--285

 []


Underfull \hbox (badness 10000) in paragraph at lines 298--299

 []


Underfull \hbox (badness 10000) in paragraph at lines 304--305

 []


Underfull \hbox (badness 10000) in paragraph at lines 316--317

 []


Underfull \hbox (badness 10000) in paragraph at lines 322--323

 []


Underfull \hbox (badness 10000) in paragraph at lines 332--333

 []

[52]
Underfull \hbox (badness 10000) in paragraph at lines 338--339

 []

<rasterbati2.png, id=759, 522.95375pt x 322.20375pt>
File: rasterbati2.png Graphic file (type png)
 <use rasterbati2.png>
Package pdftex.def Info: rasterbati2.png used on input line 351.
(pdftex.def)             Requested size: 284.52756pt x 175.30502pt.

Underfull \hbox (badness 10000) in paragraph at lines 359--360

 []


Underfull \hbox (badness 10000) in paragraph at lines 365--366

 []


Underfull \hbox (badness 10000) in paragraph at lines 373--374

 []

[53 <./rasterbati2.png>] <pointsbati2.png, id=771, 326.21875pt x 276.03125pt>
File: pointsbati2.png Graphic file (type png)

<use pointsbati2.png>
Package pdftex.def Info: pointsbati2.png used on input line 379.
(pdftex.def)             Requested size: 284.52756pt x 240.77281pt.

Underfull \hbox (badness 10000) in paragraph at lines 386--387

 []


Underfull \hbox (badness 10000) in paragraph at lines 392--393

 []

<3Densites.png, id=772, 789.9111pt x 224.2779pt>
File: 3Densites.png Graphic file (type png)
 <use 3Densites.png>
Package pdftex.def Info: 3Densites.png used on input line 407.
(pdftex.def)             Requested size: 455.24408pt x 129.2565pt.
 [54 <./pointsbati2.png>]
Underfull \hbox (badness 10000) in paragraph at lines 414--415

 []


Underfull \hbox (badness 10000) in paragraph at lines 420--421

 []


Underfull \hbox (badness 10000) in paragraph at lines 431--432

 []


Underfull \hbox (badness 10000) in paragraph at lines 437--438

 []

<reclassification.png, id=781, 734.745pt x 281.6121pt>
File: reclassification.png Graphic file (type png)

<use reclassification.png>
Package pdftex.def Info: reclassification.png used on input line 456.
(pdftex.def)             Requested size: 398.33858pt x 152.67845pt.


LaTeX Warning: `h' float specifier changed to `ht'.

[55 <./3Densites.png (PNG copy)>]
Underfull \hbox (badness 10000) in paragraph at lines 466--467

 []


Underfull \hbox (badness 10000) in paragraph at lines 472--473

 []


Underfull \hbox (badness 10000) in paragraph at lines 485--486

 []


Underfull \hbox (badness 10000) in paragraph at lines 487--488

 []


Underfull \hbox (badness 10000) in paragraph at lines 489--490

 []

[56 <./reclassification.png (PNG copy)>]) [57] (./RapportDeBase.bbl

! Package utf8x Error: MalformedUTF-8sequence.

See the utf8x package documentation for explanation.
Type  H <return>  for immediate help.
 ...                                              
                                                  
l.105 ...teurs\bgroup Delaitre\egroup\egroup{}, Ã.
                                                   (2007).
Ifthecharacterisanargument,putitin{}

(/usr/local/texlive/2011/texmf-dist/tex/latex/ucs/data/uni-255.def
File: uni-255.def 2004/10/17 UCS: Unicode data U+FF00..U+FFFF
)
(/usr/local/texlive/2011/texmf-dist/tex/latex/ucs/data/uninames.dat
File: uninames.dat 2004/10/17 UCS: Unicode character names, compressed
)
(/usr/local/texlive/2011/texmf-dist/tex/latex/ucs/data/uni-255.def
File: uni-255.def 2004/10/17 UCS: Unicode data U+FF00..U+FFFF
)

! Package ucs Error: Unknown Unicode character 65533 = U+FFFD,
(ucs)                possibly declared in uni-255.def.
(ucs)                Type H to see if it is available with options.

See the ucs package documentation for explanation.
Type  H <return>  for immediate help.
 ...                                              
                                                  
l.105 ...teurs\bgroup Delaitre\egroup\egroup{}, Ã.
                                                   (2007).
Unicode character 65533 = U+FFFD:
REPLACEMENT CHARACTER
Character is not defined in uni-*.def files.
Enter I!<RET> to define the glyph.

[58


])
Package minitoc Info: I0009
(minitoc)             Listing minitoc auxiliary files. 
(minitoc)             Creating the RapportDeBase.maf file.
\openout3 = `RapportDeBase.maf'.

Package minitoc(hints) Info: I0053
(minitoc(hints))             You have loaded the float package; 
(minitoc(hints))             please be aware that the minitoc package 
(minitoc(hints))             facilities can not be used for new types 
(minitoc(hints))             of floats defined by the float package.


Package minitoc(hints) Warning: W0024
(minitoc(hints))                Some hints have been written 
(minitoc(hints))                in the RapportDeBase.log file.


Package natbib Warning: There were undefined citations.

Package atveryend Info: Empty hook `BeforeClearDocument' on input line 71.
[59]
Package atveryend Info: Empty hook `AfterLastShipout' on input line 71.
 (./RapportDeBase.aux (./Chapitres/Remerciements.aux)
(./Chapitres/tableMatiere.aux) (./Chapitres/Introduction.aux)
(./Chapitres/Contexte.aux) (./Chapitres/EtatArt.aux)
(./Chapitres/Methodologie.aux) (./Chapitres/Resultats.aux)
(./Chapitres/Conclusion.aux) (./Chapitres/Glossaire.aux)
(./Chapitres/Annexes.aux))
Package atveryend Info: Executing hook `AtVeryEndDocument' on input line 71.
Package atveryend Info: Executing hook `AtEndAfterFileList' on input line 71.
Package rerunfilecheck Info: File `RapportDeBase.out' has not changed.
(rerunfilecheck)             Checksum: CC811080B08C80A8F9A3931CF126172D;3129.


LaTeX Warning: There were multiply-defined labels.

Package atveryend Info: Empty hook `AtVeryVeryEnd' on input line 71.
 ) 
Here is how much of TeX's memory you used:
 14454 strings out of 493633
 201891 string characters out of 3143377
 326899 words of memory out of 3000000
 16944 multiletter control sequences out of 15000+200000
 46440 words of font info for 60 fonts, out of 3000000 for 9000
 831 hyphenation exceptions out of 8191
 40i,18n,46p,1199b,628s stack positions out of 5000i,500n,10000p,200000b,50000s
{/usr/local/texlive/2011/texmf-dist/fonts/enc/dvips/cm-super/cm-super-t1.enc}
{/usr/local/texlive/2011/texmf-dist/fonts/enc/dvips/base/8r.enc}</usr/local/tex
live/2011/texmf-dist/fonts/type1/public/amsfonts/cm/cmsy10.pfb></usr/local/texl
ive/2011/texmf-dist/fonts/type1/public/amsfonts/cm/cmtt12.pfb></usr/local/texli
ve/2011/texmf-dist/fonts/type1/public/cm-super/sftt1200.pfb></usr/local/texlive
/2011/texmf-dist/fonts/type1/urw/times/utmb8a.pfb></usr/local/texlive/2011/texm
f-dist/fonts/type1/urw/times/utmr8a.pfb></usr/local/texlive/2011/texmf-dist/fon
ts/type1/urw/times/utmri8a.pfb>
Output written on RapportDeBase.pdf (63 pages, 4002104 bytes).
PDF statistics:
 908 PDF objects out of 1000 (max. 8388607)
 785 compressed objects within 8 object streams
 292 named destinations out of 1000 (max. 500000)
 507 words of extra memory for PDF output out of 10000 (max. 10000000)

