This is pdfTeX, Version 3.14159265-2.6-1.40.15 (TeX Live 2014) (preloaded format=pdflatex 2015.5.14)  4 JUN 2015 21:48
entering extended mode
 restricted \write18 enabled.
 %&-line parsing enabled.
**RapportDeBase2.tex
(./RapportDeBase2.tex
LaTeX2e <2014/05/01>
Babel <3.9k> and hyphenation patterns for 78 languages loaded.
(./StyleGilles.cls
Document Class: StyleGilles 2004/02/16 v1.4f Standard LaTeX document class
(/usr/local/texlive/2014/texmf-dist/tex/latex/base/bk12.clo
File: bk12.clo 2007/10/19 v1.4h Standard LaTeX file (size option)
)
\c@part=\count79
\c@chapter=\count80
\c@section=\count81
\c@subsection=\count82
\c@subsubsection=\count83
\c@paragraph=\count84
\c@subparagraph=\count85
\c@figure=\count86
\c@table=\count87
\abovecaptionskip=\skip41
\belowcaptionskip=\skip42
\bibindent=\dimen102
)
(/usr/local/texlive/2014/texmf-dist/tex/latex/etex-pkg/etex.sty
Package: etex 1998/03/26 v2.0 eTeX basic definition package (PEB)
\et@xins=\count88
)
(/usr/local/texlive/2014/texmf-dist/tex/latex/lm/lmodern.sty
Package: lmodern 2009/10/30 v1.6 Latin Modern Fonts
LaTeX Font Info:    Overwriting symbol font `operators' in version `normal'
(Font)                  OT1/cmr/m/n --> OT1/lmr/m/n on input line 22.
LaTeX Font Info:    Overwriting symbol font `letters' in version `normal'
(Font)                  OML/cmm/m/it --> OML/lmm/m/it on input line 23.
LaTeX Font Info:    Overwriting symbol font `symbols' in version `normal'
(Font)                  OMS/cmsy/m/n --> OMS/lmsy/m/n on input line 24.
LaTeX Font Info:    Overwriting symbol font `largesymbols' in version `normal'
(Font)                  OMX/cmex/m/n --> OMX/lmex/m/n on input line 25.
LaTeX Font Info:    Overwriting symbol font `operators' in version `bold'
(Font)                  OT1/cmr/bx/n --> OT1/lmr/bx/n on input line 26.
LaTeX Font Info:    Overwriting symbol font `letters' in version `bold'
(Font)                  OML/cmm/b/it --> OML/lmm/b/it on input line 27.
LaTeX Font Info:    Overwriting symbol font `symbols' in version `bold'
(Font)                  OMS/cmsy/b/n --> OMS/lmsy/b/n on input line 28.
LaTeX Font Info:    Overwriting symbol font `largesymbols' in version `bold'
(Font)                  OMX/cmex/m/n --> OMX/lmex/m/n on input line 29.
LaTeX Font Info:    Overwriting math alphabet `\mathbf' in version `normal'
(Font)                  OT1/cmr/bx/n --> OT1/lmr/bx/n on input line 31.
LaTeX Font Info:    Overwriting math alphabet `\mathsf' in version `normal'
(Font)                  OT1/cmss/m/n --> OT1/lmss/m/n on input line 32.
LaTeX Font Info:    Overwriting math alphabet `\mathit' in version `normal'
(Font)                  OT1/cmr/m/it --> OT1/lmr/m/it on input line 33.
LaTeX Font Info:    Overwriting math alphabet `\mathtt' in version `normal'
(Font)                  OT1/cmtt/m/n --> OT1/lmtt/m/n on input line 34.
LaTeX Font Info:    Overwriting math alphabet `\mathbf' in version `bold'
(Font)                  OT1/cmr/bx/n --> OT1/lmr/bx/n on input line 35.
LaTeX Font Info:    Overwriting math alphabet `\mathsf' in version `bold'
(Font)                  OT1/cmss/bx/n --> OT1/lmss/bx/n on input line 36.
LaTeX Font Info:    Overwriting math alphabet `\mathit' in version `bold'
(Font)                  OT1/cmr/bx/it --> OT1/lmr/bx/it on input line 37.
LaTeX Font Info:    Overwriting math alphabet `\mathtt' in version `bold'
(Font)                  OT1/cmtt/m/n --> OT1/lmtt/m/n on input line 38.
)
(/usr/local/texlive/2014/texmf-dist/tex/latex/base/fontenc.sty
Package: fontenc 2005/09/27 v1.99g Standard LaTeX package

(/usr/local/texlive/2014/texmf-dist/tex/latex/base/t1enc.def
File: t1enc.def 2005/09/27 v1.99g Standard LaTeX file
LaTeX Font Info:    Redeclaring font encoding T1 on input line 43.
))
(/usr/local/texlive/2014/texmf-dist/tex/latex/base/inputenc.sty
Package: inputenc 2014/04/30 v1.2b Input encoding file
\inpenc@prehook=\toks14
\inpenc@posthook=\toks15

(/usr/local/texlive/2014/texmf-dist/tex/latex/ucs/utf8x.def
File: utf8x.def 2004/10/17 UCS: Input encoding UTF-8
))
(/usr/local/texlive/2014/texmf-dist/tex/latex/ucs/ucs.sty
Package: ucs 2013/05/11 v2.2 UCS: Unicode input support

(/usr/local/texlive/2014/texmf-dist/tex/latex/ucs/data/uni-global.def
File: uni-global.def 2013/05/13 UCS: Unicode global data
)
\uc@secondtry=\count89
\uc@combtoks=\toks16
\uc@combtoksb=\toks17
\uc@temptokena=\toks18
)
(/usr/local/texlive/2014/texmf-dist/tex/latex/geometry/geometry.sty
Package: geometry 2010/09/12 v5.6 Page Geometry

(/usr/local/texlive/2014/texmf-dist/tex/latex/graphics/keyval.sty
Package: keyval 2014/05/08 v1.15 key=value parser (DPC)
\KV@toks@=\toks19
)
(/usr/local/texlive/2014/texmf-dist/tex/generic/oberdiek/ifpdf.sty
Package: ifpdf 2011/01/30 v2.3 Provides the ifpdf switch (HO)
Package ifpdf Info: pdfTeX in PDF mode is detected.
)
(/usr/local/texlive/2014/texmf-dist/tex/generic/oberdiek/ifvtex.sty
Package: ifvtex 2010/03/01 v1.5 Detect VTeX and its facilities (HO)
Package ifvtex Info: VTeX not detected.
)
(/usr/local/texlive/2014/texmf-dist/tex/generic/ifxetex/ifxetex.sty
Package: ifxetex 2010/09/12 v0.6 Provides ifxetex conditional
)
\Gm@cnth=\count90
\Gm@cntv=\count91
\c@Gm@tempcnt=\count92
\Gm@bindingoffset=\dimen103
\Gm@wd@mp=\dimen104
\Gm@odd@mp=\dimen105
\Gm@even@mp=\dimen106
\Gm@layoutwidth=\dimen107
\Gm@layoutheight=\dimen108
\Gm@layouthoffset=\dimen109
\Gm@layoutvoffset=\dimen110
\Gm@dimlist=\toks20
)
(/usr/local/texlive/2014/texmf-dist/tex/generic/babel/babel.sty
Package: babel 2014/03/24 3.9k The Babel package

(/usr/local/texlive/2014/texmf-dist/tex/generic/babel-english/english.ldf
Language: english 2012/08/20 v3.3p English support from the babel system

(/usr/local/texlive/2014/texmf-dist/tex/generic/babel/babel.def
File: babel.def 2014/03/24 3.9k Babel common definitions
\babel@savecnt=\count93
\U@D=\dimen111
)
\l@canadian = a dialect from \language\l@american 
\l@australian = a dialect from \language\l@british 
\l@newzealand = a dialect from \language\l@british 
)
(/usr/local/texlive/2014/texmf-dist/tex/generic/babel-french/frenchb.ldf
Language: frenchb 2014/04/18 v3.0c French support from the babel system
\l@acadian = a dialect from \language\l@french 
\l@canadien = a dialect from \language\l@french 
\FBcolonskip=\skip43
\FBthinskip=\skip44
\FB@interchartokenstateORI=\count94
Package babel Info: Making : an active character on input line 371.
Package babel Info: Making ; an active character on input line 372.
Package babel Info: Making ! an active character on input line 373.
Package babel Info: Making ? an active character on input line 374.
\FBguillskip=\skip45
\FB@Mht=\dimen112
\std@mcc=\count95
\dec@mcc=\count96
\listindentFB=\skip46
\labelwidthFB=\skip47
\leftmarginFB=\skip48
\parindentFFN=\dimen113
)
(/usr/local/texlive/2014/texmf-dist/tex/generic/babel-french/frenchb.ldf
Language: frenchb 2014/04/18 v3.0c French support from the babel system
))
(/usr/local/texlive/2014/texmf-dist/tex/latex/carlisle/scalefnt.sty)
(/usr/local/texlive/2014/texmf-dist/tex/latex/easy/easymat.sty
Document Style `easybmat' v0.4 <2001/06/13>.
(/usr/local/texlive/2014/texmf-dist/tex/latex/easy/easy.sty
Document Style `easy' v1.1 <2001/05/31>.
Package: easy 2001/05/31 v1.1
\@easy@level=\count97
\@easy@ncol=\count98
\@easy@nrow=\count99
\@easy@cnt=\count100
\@easy@boxviii=\box26
\@easy@minxviii=\dimen114
\@easy@minyviii=\dimen115
\@easy@maxxviii=\dimen116
\@easy@maxyviii=\dimen117
\@easy@boxvii=\box27
\@easy@minxvii=\dimen118
\@easy@minyvii=\dimen119
\@easy@maxxvii=\dimen120
\@easy@maxyvii=\dimen121
\@easy@boxvi=\box28
\@easy@minxvi=\dimen122
\@easy@minyvi=\dimen123
\@easy@maxxvi=\dimen124
\@easy@maxyvi=\dimen125
\@easy@boxv=\box29
\@easy@minxv=\dimen126
\@easy@minyv=\dimen127
\@easy@maxxv=\dimen128
\@easy@maxyv=\dimen129
\@easy@boxiv=\box30
\@easy@minxiv=\dimen130
\@easy@minyiv=\dimen131
\@easy@maxxiv=\dimen132
\@easy@maxyiv=\dimen133
\@easy@boxiii=\box31
\@easy@minxiii=\dimen134
\@easy@minyiii=\dimen135
\@easy@maxxiii=\dimen136
\@easy@maxyiii=\dimen137
\@easy@boxii=\box32
\@easy@minxii=\dimen138
\@easy@minyii=\dimen139
\@easy@maxxii=\dimen140
\@easy@maxyii=\dimen141
\@easy@boxi=\box33
\@easy@minxi=\dimen142
\@easy@minyi=\dimen143
\@easy@maxxi=\dimen144
\@easy@maxyi=\dimen145
\@easy@hsizexxx=\dimen146
\@easy@vsizexxx=\dimen147
\@easy@hsizexxix=\dimen148
\@easy@vsizexxix=\dimen149
\@easy@hsizexxviii=\dimen150
\@easy@vsizexxviii=\dimen151
\@easy@hsizexxvii=\dimen152
\@easy@vsizexxvii=\dimen153
\@easy@hsizexxvi=\dimen154
\@easy@vsizexxvi=\dimen155
\@easy@hsizexxv=\dimen156
\@easy@vsizexxv=\dimen157
\@easy@hsizexxiv=\dimen158
\@easy@vsizexxiv=\dimen159
\@easy@hsizexxiii=\dimen160
\@easy@vsizexxiii=\dimen161
\@easy@hsizexxii=\dimen162
\@easy@vsizexxii=\dimen163
\@easy@hsizexxi=\dimen164
\@easy@vsizexxi=\dimen165
\@easy@hsizexx=\dimen166
\@easy@vsizexx=\dimen167
\@easy@hsizexix=\dimen168
\@easy@vsizexix=\dimen169
\@easy@hsizexviii=\dimen170
\@easy@vsizexviii=\dimen171
\@easy@hsizexvii=\dimen172
\@easy@vsizexvii=\dimen173
\@easy@hsizexvi=\dimen174
\@easy@vsizexvi=\dimen175
\@easy@hsizexv=\dimen176
\@easy@vsizexv=\dimen177
\@easy@hsizexiv=\dimen178
\@easy@vsizexiv=\dimen179
\@easy@hsizexiii=\dimen180
\@easy@vsizexiii=\dimen181
\@easy@hsizexii=\dimen182
\@easy@vsizexii=\dimen183
\@easy@hsizexi=\dimen184
\@easy@vsizexi=\dimen185
\@easy@hsizex=\dimen186
\@easy@vsizex=\dimen187
\@easy@hsizeix=\dimen188
\@easy@vsizeix=\dimen189
\@easy@hsizeviii=\dimen190
\@easy@vsizeviii=\dimen191
\@easy@hsizevii=\dimen192
\@easy@vsizevii=\dimen193
\@easy@hsizevi=\dimen194
\@easy@vsizevi=\dimen195
\@easy@hsizev=\dimen196
\@easy@vsizev=\dimen197
\@easy@hsizeiv=\dimen198
\@easy@vsizeiv=\dimen199
\@easy@hsizeiii=\dimen200
\@easy@vsizeiii=\dimen201
\@easy@hsizeii=\dimen202
\@easy@vsizeii=\dimen203
\@easy@hsizei=\dimen204
\@easy@vsizei=\dimen205
\@easy@dash@len=\dimen206
\@easy@dash@sep=\dimen207
)
Package: easymat 2001/05/31 v1.1
\@mat@size@rule=\dimen208
\@mat@size@dash=\dimen209
) (/usr/local/texlive/2014/texmf-dist/tex/latex/graphics/lscape.sty
Package: lscape 2000/10/22 v3.01 Landscape Pages (DPC)

(/usr/local/texlive/2014/texmf-dist/tex/latex/graphics/graphics.sty
Package: graphics 2009/02/05 v1.0o Standard LaTeX Graphics (DPC,SPQR)

(/usr/local/texlive/2014/texmf-dist/tex/latex/graphics/trig.sty
Package: trig 1999/03/16 v1.09 sin cos tan (DPC)
)
(/usr/local/texlive/2014/texmf-dist/tex/latex/latexconfig/graphics.cfg
File: graphics.cfg 2010/04/23 v1.9 graphics configuration of TeX Live
)
Package graphics Info: Driver file: pdftex.def on input line 91.

(/usr/local/texlive/2014/texmf-dist/tex/latex/pdftex-def/pdftex.def
File: pdftex.def 2011/05/27 v0.06d Graphics/color for pdfTeX

(/usr/local/texlive/2014/texmf-dist/tex/generic/oberdiek/infwarerr.sty
Package: infwarerr 2010/04/08 v1.3 Providing info/warning/error messages (HO)
)
(/usr/local/texlive/2014/texmf-dist/tex/generic/oberdiek/ltxcmds.sty
Package: ltxcmds 2011/11/09 v1.22 LaTeX kernel commands for general use (HO)
)
\Gread@gobject=\count101
)))
(/usr/local/texlive/2014/texmf-dist/tex/latex/pslatex/pslatex.sty
Package: pslatex 1996/07/24 v1.2 pslatex emulation (DPC)
LaTeX Font Info:    Redeclaring symbol font `operators' on input line 65.
LaTeX Font Info:    Overwriting symbol font `operators' in version `normal'
(Font)                  OT1/lmr/m/n --> OT1/ptmcm/m/n on input line 65.
LaTeX Font Info:    Overwriting symbol font `operators' in version `bold'
(Font)                  OT1/lmr/bx/n --> OT1/ptmcm/m/n on input line 65.
LaTeX Font Info:    Redeclaring symbol font `letters' on input line 66.
LaTeX Font Info:    Overwriting symbol font `letters' in version `normal'
(Font)                  OML/lmm/m/it --> OML/ptmcm/m/it on input line 66.
LaTeX Font Info:    Overwriting symbol font `letters' in version `bold'
(Font)                  OML/lmm/b/it --> OML/ptmcm/m/it on input line 66.
LaTeX Font Info:    Redeclaring symbol font `symbols' on input line 67.
LaTeX Font Info:    Overwriting symbol font `symbols' in version `normal'
(Font)                  OMS/lmsy/m/n --> OMS/pzccm/m/n on input line 67.
LaTeX Font Info:    Overwriting symbol font `symbols' in version `bold'
(Font)                  OMS/lmsy/b/n --> OMS/pzccm/m/n on input line 67.
LaTeX Font Info:    Redeclaring symbol font `largesymbols' on input line 68.
LaTeX Font Info:    Overwriting symbol font `largesymbols' in version `normal'
(Font)                  OMX/lmex/m/n --> OMX/psycm/m/n on input line 68.
LaTeX Font Info:    Overwriting symbol font `largesymbols' in version `bold'
(Font)                  OMX/lmex/m/n --> OMX/psycm/m/n on input line 68.
\symbold=\mathgroup4
\symitalic=\mathgroup5
LaTeX Font Info:    Redeclaring math alphabet \mathbf on input line 74.
LaTeX Font Info:    Overwriting math alphabet `\mathbf' in version `normal'
(Font)                  OT1/lmr/bx/n --> OT1/ptm/bx/n on input line 74.
LaTeX Font Info:    Overwriting math alphabet `\mathbf' in version `bold'
(Font)                  OT1/lmr/bx/n --> OT1/ptm/bx/n on input line 74.
LaTeX Font Info:    Redeclaring math alphabet \mathit on input line 75.
LaTeX Font Info:    Overwriting math alphabet `\mathit' in version `normal'
(Font)                  OT1/lmr/m/it --> OT1/ptm/m/it on input line 75.
LaTeX Font Info:    Overwriting math alphabet `\mathit' in version `bold'
(Font)                  OT1/lmr/bx/it --> OT1/ptm/m/it on input line 75.
)
(/usr/local/texlive/2014/texmf-dist/tex/latex/txfonts/txfonts.sty
Package: txfonts 2008/01/22 v3.2.1
LaTeX Font Info:    Redeclaring symbol font `operators' on input line 21.
LaTeX Font Info:    Overwriting symbol font `operators' in version `normal'
(Font)                  OT1/ptmcm/m/n --> OT1/txr/m/n on input line 21.
LaTeX Font Info:    Overwriting symbol font `operators' in version `bold'
(Font)                  OT1/ptmcm/m/n --> OT1/txr/m/n on input line 21.
LaTeX Font Info:    Overwriting symbol font `operators' in version `bold'
(Font)                  OT1/txr/m/n --> OT1/txr/bx/n on input line 22.
LaTeX Font Info:    Redeclaring symbol font `italic' on input line 25.
LaTeX Font Info:    Overwriting symbol font `italic' in version `normal'
(Font)                  OT1/ptm/m/it --> OT1/txr/m/it on input line 25.
LaTeX Font Info:    Overwriting symbol font `italic' in version `bold'
(Font)                  OT1/ptm/m/it --> OT1/txr/m/it on input line 25.
LaTeX Font Info:    Overwriting symbol font `italic' in version `bold'
(Font)                  OT1/txr/m/it --> OT1/txr/bx/it on input line 26.
LaTeX Font Info:    Redeclaring math alphabet \mathbf on input line 29.
LaTeX Font Info:    Overwriting math alphabet `\mathbf' in version `normal'
(Font)                  OT1/ptm/bx/n --> OT1/txr/bx/n on input line 29.
LaTeX Font Info:    Overwriting math alphabet `\mathbf' in version `bold'
(Font)                  OT1/ptm/bx/n --> OT1/txr/bx/n on input line 29.
LaTeX Font Info:    Redeclaring math alphabet \mathit on input line 30.
LaTeX Font Info:    Overwriting math alphabet `\mathit' in version `normal'
(Font)                  OT1/ptm/m/it --> OT1/txr/m/it on input line 30.
LaTeX Font Info:    Overwriting math alphabet `\mathit' in version `bold'
(Font)                  OT1/ptm/m/it --> OT1/txr/m/it on input line 30.
LaTeX Font Info:    Overwriting math alphabet `\mathit' in version `bold'
(Font)                  OT1/txr/m/it --> OT1/txr/bx/it on input line 31.
LaTeX Font Info:    Redeclaring math alphabet \mathsf on input line 40.
LaTeX Font Info:    Overwriting math alphabet `\mathsf' in version `normal'
(Font)                  OT1/lmss/m/n --> OT1/txss/m/n on input line 40.
LaTeX Font Info:    Overwriting math alphabet `\mathsf' in version `bold'
(Font)                  OT1/lmss/bx/n --> OT1/txss/m/n on input line 40.
LaTeX Font Info:    Overwriting math alphabet `\mathsf' in version `bold'
(Font)                  OT1/txss/m/n --> OT1/txss/b/n on input line 41.
LaTeX Font Info:    Redeclaring math alphabet \mathtt on input line 50.
LaTeX Font Info:    Overwriting math alphabet `\mathtt' in version `normal'
(Font)                  OT1/lmtt/m/n --> OT1/txtt/m/n on input line 50.
LaTeX Font Info:    Overwriting math alphabet `\mathtt' in version `bold'
(Font)                  OT1/lmtt/m/n --> OT1/txtt/m/n on input line 50.
LaTeX Font Info:    Overwriting math alphabet `\mathtt' in version `bold'
(Font)                  OT1/txtt/m/n --> OT1/txtt/b/n on input line 51.
LaTeX Font Info:    Redeclaring symbol font `letters' on input line 58.
LaTeX Font Info:    Overwriting symbol font `letters' in version `normal'
(Font)                  OML/ptmcm/m/it --> OML/txmi/m/it on input line 58.
LaTeX Font Info:    Overwriting symbol font `letters' in version `bold'
(Font)                  OML/ptmcm/m/it --> OML/txmi/m/it on input line 58.
LaTeX Font Info:    Overwriting symbol font `letters' in version `bold'
(Font)                  OML/txmi/m/it --> OML/txmi/bx/it on input line 59.
\symlettersA=\mathgroup6
LaTeX Font Info:    Overwriting symbol font `lettersA' in version `bold'
(Font)                  U/txmia/m/it --> U/txmia/bx/it on input line 67.
LaTeX Font Info:    Redeclaring symbol font `symbols' on input line 77.
LaTeX Font Info:    Overwriting symbol font `symbols' in version `normal'
(Font)                  OMS/pzccm/m/n --> OMS/txsy/m/n on input line 77.
LaTeX Font Info:    Overwriting symbol font `symbols' in version `bold'
(Font)                  OMS/pzccm/m/n --> OMS/txsy/m/n on input line 77.
LaTeX Font Info:    Overwriting symbol font `symbols' in version `bold'
(Font)                  OMS/txsy/m/n --> OMS/txsy/bx/n on input line 78.
\symAMSa=\mathgroup7
LaTeX Font Info:    Overwriting symbol font `AMSa' in version `bold'
(Font)                  U/txsya/m/n --> U/txsya/bx/n on input line 94.
\symAMSb=\mathgroup8
LaTeX Font Info:    Overwriting symbol font `AMSb' in version `bold'
(Font)                  U/txsyb/m/n --> U/txsyb/bx/n on input line 103.
\symsymbolsC=\mathgroup9
LaTeX Font Info:    Overwriting symbol font `symbolsC' in version `bold'
(Font)                  U/txsyc/m/n --> U/txsyc/bx/n on input line 113.
LaTeX Font Info:    Redeclaring symbol font `largesymbols' on input line 120.
LaTeX Font Info:    Overwriting symbol font `largesymbols' in version `normal'
(Font)                  OMX/psycm/m/n --> OMX/txex/m/n on input line 120.
LaTeX Font Info:    Overwriting symbol font `largesymbols' in version `bold'
(Font)                  OMX/psycm/m/n --> OMX/txex/m/n on input line 120.
LaTeX Font Info:    Overwriting symbol font `largesymbols' in version `bold'
(Font)                  OMX/txex/m/n --> OMX/txex/bx/n on input line 121.
\symlargesymbolsA=\mathgroup10
LaTeX Font Info:    Overwriting symbol font `largesymbolsA' in version `bold'
(Font)                  U/txexa/m/n --> U/txexa/bx/n on input line 129.
LaTeX Info: Redefining \not on input line 1043.
)
(/usr/local/texlive/2014/texmf-dist/tex/latex/mdwtools/footnote.sty
Package: footnote 1997/01/28 1.13 Save footnotes around boxes
\fn@notes=\box34
\fn@width=\dimen210
)
(/usr/local/texlive/2014/texmf-dist/tex/latex/setspace/setspace.sty
Package: setspace 2011/12/19 v6.7a set line spacing
)
(/usr/local/texlive/2014/texmf-dist/tex/latex/natbib/natbib.sty
Package: natbib 2010/09/13 8.31b (PWD, AO)
\bibhang=\skip49
\bibsep=\skip50
LaTeX Info: Redefining \cite on input line 694.
\c@NAT@ctr=\count102
)
(/usr/local/texlive/2014/texmf-dist/tex/latex/hyperref/hyperref.sty
Package: hyperref 2012/11/06 v6.83m Hypertext links for LaTeX

(/usr/local/texlive/2014/texmf-dist/tex/generic/oberdiek/hobsub-hyperref.sty
Package: hobsub-hyperref 2012/05/28 v1.13 Bundle oberdiek, subset hyperref (HO)


(/usr/local/texlive/2014/texmf-dist/tex/generic/oberdiek/hobsub-generic.sty
Package: hobsub-generic 2012/05/28 v1.13 Bundle oberdiek, subset generic (HO)
Package: hobsub 2012/05/28 v1.13 Construct package bundles (HO)
Package hobsub Info: Skipping package `infwarerr' (already loaded).
Package hobsub Info: Skipping package `ltxcmds' (already loaded).
Package: ifluatex 2010/03/01 v1.3 Provides the ifluatex switch (HO)
Package ifluatex Info: LuaTeX not detected.
Package hobsub Info: Skipping package `ifvtex' (already loaded).
Package: intcalc 2007/09/27 v1.1 Expandable calculations with integers (HO)
Package hobsub Info: Skipping package `ifpdf' (already loaded).
Package: etexcmds 2011/02/16 v1.5 Avoid name clashes with e-TeX commands (HO)
Package etexcmds Info: Could not find \expanded.
(etexcmds)             That can mean that you are not using pdfTeX 1.50 or
(etexcmds)             that some package has redefined \expanded.
(etexcmds)             In the latter case, load this package earlier.
Package: kvsetkeys 2012/04/25 v1.16 Key value parser (HO)
Package: kvdefinekeys 2011/04/07 v1.3 Define keys (HO)
Package: pdftexcmds 2011/11/29 v0.20 Utility functions of pdfTeX for LuaTeX (HO
)
Package pdftexcmds Info: LuaTeX not detected.
Package pdftexcmds Info: \pdf@primitive is available.
Package pdftexcmds Info: \pdf@ifprimitive is available.
Package pdftexcmds Info: \pdfdraftmode found.
Package: pdfescape 2011/11/25 v1.13 Implements pdfTeX's escape features (HO)
Package: bigintcalc 2012/04/08 v1.3 Expandable calculations on big integers (HO
)
Package: bitset 2011/01/30 v1.1 Handle bit-vector datatype (HO)
Package: uniquecounter 2011/01/30 v1.2 Provide unlimited unique counter (HO)
)
Package hobsub Info: Skipping package `hobsub' (already loaded).
Package: letltxmacro 2010/09/02 v1.4 Let assignment for LaTeX macros (HO)
Package: hopatch 2012/05/28 v1.2 Wrapper for package hooks (HO)
Package: xcolor-patch 2011/01/30 xcolor patch
Package: atveryend 2011/06/30 v1.8 Hooks at the very end of document (HO)
Package atveryend Info: \enddocument detected (standard20110627).
Package: atbegshi 2011/10/05 v1.16 At begin shipout hook (HO)
Package: refcount 2011/10/16 v3.4 Data extraction from label references (HO)
Package: hycolor 2011/01/30 v1.7 Color options for hyperref/bookmark (HO)
)
(/usr/local/texlive/2014/texmf-dist/tex/latex/oberdiek/auxhook.sty
Package: auxhook 2011/03/04 v1.3 Hooks for auxiliary files (HO)
)
(/usr/local/texlive/2014/texmf-dist/tex/latex/oberdiek/kvoptions.sty
Package: kvoptions 2011/06/30 v3.11 Key value format for package options (HO)
)
\@linkdim=\dimen211
\Hy@linkcounter=\count103
\Hy@pagecounter=\count104

(/usr/local/texlive/2014/texmf-dist/tex/latex/hyperref/pd1enc.def
File: pd1enc.def 2012/11/06 v6.83m Hyperref: PDFDocEncoding definition (HO)
)
\Hy@SavedSpaceFactor=\count105

(/usr/local/texlive/2014/texmf-dist/tex/latex/latexconfig/hyperref.cfg
File: hyperref.cfg 2002/06/06 v1.2 hyperref configuration of TeXLive
)
Package hyperref Info: Option `unicode' set `true' on input line 4319.

(/usr/local/texlive/2014/texmf-dist/tex/latex/hyperref/puenc.def
File: puenc.def 2012/11/06 v6.83m Hyperref: PDF Unicode definition (HO)
)
Package hyperref Info: Option `bookmarks' set `true' on input line 4319.
Package hyperref Info: Option `bookmarksnumbered' set `false' on input line 431
9.
Package hyperref Info: Option `bookmarksopen' set `false' on input line 4319.
Package hyperref Info: Option `breaklinks' set `true' on input line 4319.
Package hyperref Info: Option `colorlinks' set `true' on input line 4319.
Package hyperref Info: Hyper figures OFF on input line 4443.
Package hyperref Info: Link nesting OFF on input line 4448.
Package hyperref Info: Hyper index ON on input line 4451.
Package hyperref Info: Plain pages OFF on input line 4458.
Package hyperref Info: Backreferencing OFF on input line 4463.
Package hyperref Info: Implicit mode ON; LaTeX internals redefined.
Package hyperref Info: Bookmarks ON on input line 4688.
\c@Hy@tempcnt=\count106

(/usr/local/texlive/2014/texmf-dist/tex/latex/url/url.sty
\Urlmuskip=\muskip10
Package: url 2013/09/16  ver 3.4  Verb mode for urls, etc.
)
LaTeX Info: Redefining \url on input line 5041.
\XeTeXLinkMargin=\dimen212
\Fld@menulength=\count107
\Field@Width=\dimen213
\Fld@charsize=\dimen214
Package hyperref Info: Hyper figures OFF on input line 6295.
Package hyperref Info: Link nesting OFF on input line 6300.
Package hyperref Info: Hyper index ON on input line 6303.
Package hyperref Info: backreferencing OFF on input line 6310.
Package hyperref Info: Link coloring ON on input line 6313.
Package hyperref Info: Link coloring with OCG OFF on input line 6320.
Package hyperref Info: PDF/A mode OFF on input line 6325.
LaTeX Info: Redefining \ref on input line 6365.
LaTeX Info: Redefining \pageref on input line 6369.
\Hy@abspage=\count108
\c@Item=\count109
\c@Hfootnote=\count110
)

Package hyperref Message: Driver (autodetected): hpdftex.

(/usr/local/texlive/2014/texmf-dist/tex/latex/hyperref/hpdftex.def
File: hpdftex.def 2012/11/06 v6.83m Hyperref driver for pdfTeX
\Fld@listcount=\count111
\c@bookmark@seq@number=\count112

(/usr/local/texlive/2014/texmf-dist/tex/latex/oberdiek/rerunfilecheck.sty
Package: rerunfilecheck 2011/04/15 v1.7 Rerun checks for auxiliary files (HO)
Package uniquecounter Info: New unique counter `rerunfilecheck' on input line 2
82.
)
\Hy@SectionHShift=\skip51
)
(/usr/local/texlive/2014/texmf-dist/tex/latex/breakurl/breakurl.sty
Package: breakurl 2013/04/10 v1.40 Breakable hyperref URLs

(/usr/local/texlive/2014/texmf-dist/tex/latex/xkeyval/xkeyval.sty
Package: xkeyval 2014/05/09 v2.6d package option processing (HA)

(/usr/local/texlive/2014/texmf-dist/tex/generic/xkeyval/xkeyval.tex
\XKV@toks=\toks21
\XKV@tempa@toks=\toks22
\XKV@depth=\count113
File: xkeyval.tex 2014/05/09 v2.6d key=value parser (HA)
))

Package breakurl Warning: You are using breakurl while processing via pdflatex.

(breakurl)                \burl will be just a synonym of \url.
(breakurl)                 on input line 48.

) (/usr/local/texlive/2014/texmf-dist/tex/latex/graphics/graphicx.sty
Package: graphicx 2014/04/25 v1.0g Enhanced LaTeX Graphics (DPC,SPQR)
\Gin@req@height=\dimen215
\Gin@req@width=\dimen216
)
(/usr/local/texlive/2014/texmf-dist/tex/latex/here/here.sty)
(/usr/local/texlive/2014/texmf-dist/tex/latex/float/float.sty
Package: float 2001/11/08 v1.3d Float enhancements (AL)
\c@float@type=\count114
\float@exts=\toks23
\float@box=\box35
\@float@everytoks=\toks24
\@floatcapt=\box36
)
(/usr/local/texlive/2014/texmf-dist/tex/latex/algorithm2e/algorithm2e.sty
Package: algorithm2e 2013/01/06 v5.00 algorithms environments
\c@AlgoLine=\count115

(/usr/local/texlive/2014/texmf-dist/tex/latex/base/ifthen.sty
Package: ifthen 2001/05/26 v1.1c Standard LaTeX ifthen package (DPC)
)
(/usr/local/texlive/2014/texmf-dist/tex/latex/tools/xspace.sty
Package: xspace 2009/10/20 v1.13 Space after command names (DPC,MH)
)
(/usr/local/texlive/2014/texmf-dist/tex/latex/relsize/relsize.sty
Package: relsize 2013/03/29 ver 4.1
)
********************************************************
Package `algorithm2e' Release 5.0 -- january 06 2013 --
- algorithm2e-announce@lirmm.fr mailing list for announcement about releases
- algorithm2e-discussion@lirmm.fr mailing list for discussion about package
subscribe by emailing sympa@lirmm.fr with 'subscribe <list> <firstname name>'
- Author: Christophe Fiorio (cfiorio@um2.fr)
********************************************************
\skiptotal=\skip52
\skiplinenumber=\skip53
\skiprule=\skip54
\skiphlne=\skip55
\skiptext=\skip56
\skiplength=\skip57
\algomargin=\skip58
\skipalgocfslide=\skip59
\algowidth=\dimen217
\inoutsize=\dimen218
\inoutindent=\dimen219
\interspacetitleruled=\dimen220
\interspacealgoruled=\dimen221
\interspacetitleboxruled=\dimen222
\algocf@inoutbox=\box37
\algocf@inputbox=\box38
\AlCapSkip=\skip60
\AlCapHSkip=\skip61
\algoskipindent=\skip62
\algocf@nlbox=\box39
\algocf@hangingbox=\box40
\algocf@untilbox=\box41
\algocf@skipuntil=\skip63
\algocf@capbox=\box42
\algoheightruledefault=\skip64
\algoheightrule=\skip65
\algotitleheightruledefault=\skip66
\algotitleheightrule=\skip67
\c@algocfline=\count116
\c@algocfproc=\count117
\c@algocf=\count118
\algocf@algoframe=\box43
\algocf@algobox=\box44
) (/usr/local/texlive/2014/texmf-dist/tex/latex/caption/caption.sty
Package: caption 2013/05/02 v3.3-89 Customizing captions (AR)

(/usr/local/texlive/2014/texmf-dist/tex/latex/caption/caption3.sty
Package: caption3 2013/05/02 v1.6-88 caption3 kernel (AR)
Package caption3 Info: TeX engine: e-TeX on input line 57.
\captionmargin=\dimen223
\captionmargin@=\dimen224
\captionwidth=\dimen225
\caption@tempdima=\dimen226
\caption@indent=\dimen227
\caption@parindent=\dimen228
\caption@hangindent=\dimen229
)
\c@ContinuedFloat=\count119
Package caption Info: float package is loaded.
Package caption Info: hyperref package is loaded.
)
(/usr/local/texlive/2014/texmf-dist/tex/latex/caption/subcaption.sty
Package: subcaption 2013/02/03 v1.1-62 Sub-captions (AR)
\c@subfigure=\count120
\c@subtable=\count121
)
Package caption Info: We need package `newfloat' on input line 41.

(/usr/local/texlive/2014/texmf-dist/tex/latex/caption/newfloat.sty
Package: newfloat 2013/05/11 v1.1-91 Defining new floating environments (AR)
)
(/usr/local/texlive/2014/texmf-dist/tex/latex/lettrine/lettrine.sty
File: lettrine.sty 2013/03/14 v1.64 (Daniel Flipo)
\c@DefaultLines=\count122
\DefaultFindent=\dimen230
\DefaultNindent=\dimen231
\DefaultSlope=\dimen232
\L@lbox=\box45
\L@tbox=\box46
\c@L@lines=\count123
\L@Pindent=\dimen233
Normal \dimen register pool exhausted, switching to extended pool.
\L@Findent=\dimen256
\L@Nindent=\dimen257
\L@lraise=\dimen258
\L@first=\dimen259
\L@next=\dimen260
\L@slope=\dimen261
\L@height=\dimen262
\LettrineWidth=\dimen263

Loading lettrine.cfg
(/usr/local/texlive/2014/texmf-dist/tex/latex/lettrine/lettrine.cfg))
(/usr/local/texlive/2014/texmf-dist/tex/latex/xcolor/xcolor.sty
Package: xcolor 2007/01/21 v2.11 LaTeX color extensions (UK)

(/usr/local/texlive/2014/texmf-dist/tex/latex/latexconfig/color.cfg
File: color.cfg 2007/01/18 v1.5 color configuration of teTeX/TeXLive
)
Package xcolor Info: Driver file: pdftex.def on input line 225.
Package xcolor Info: Model `cmy' substituted by `cmy0' on input line 1337.
Package xcolor Info: Model `hsb' substituted by `rgb' on input line 1341.
Package xcolor Info: Model `RGB' extended on input line 1353.
Package xcolor Info: Model `HTML' substituted by `rgb' on input line 1355.
Package xcolor Info: Model `Hsb' substituted by `hsb' on input line 1356.
Package xcolor Info: Model `tHsb' substituted by `hsb' on input line 1357.
Package xcolor Info: Model `HSB' substituted by `hsb' on input line 1358.
Package xcolor Info: Model `Gray' substituted by `gray' on input line 1359.
Package xcolor Info: Model `wave' substituted by `hsb' on input line 1360.

(/usr/local/texlive/2014/texmf-dist/tex/latex/xcolor/svgnam.def
File: svgnam.def 2007/01/21 v2.11 Predefined colors according to SVG 1.1 (UK)
))
(/usr/local/texlive/2014/texmf-dist/tex/latex/multirow/multirow.sty
\bigstrutjot=\dimen264
)
(/usr/local/texlive/2014/texmf-dist/tex/latex/wrapfig/wrapfig.sty
\wrapoverhang=\dimen265
\WF@size=\dimen266
\c@WF@wrappedlines=\count124
\WF@box=\box47
\WF@everypar=\toks25
Package: wrapfig 2003/01/31  v 3.6
)
(/usr/local/texlive/2014/texmf-dist/tex/latex/tocbibind/tocbibind.sty
Package: tocbibind 2010/10/13 v1.5k extra ToC listings
Package tocbibind Info: The document has chapter divisions on input line 50.


Package tocbibind Note: Using chapter style headings, unless overridden.

) (/usr/local/texlive/2014/texmf-dist/tex/latex/base/makeidx.sty
Package: makeidx 2000/03/29 v1.0m Standard LaTeX package
)
(/usr/local/texlive/2014/texmf-dist/tex/latex/base/textcomp.sty
Package: textcomp 2005/09/27 v1.99g Standard LaTeX package
Package textcomp Info: Sub-encoding information:
(textcomp)               5 = only ISO-Adobe without \textcurrency
(textcomp)               4 = 5 + \texteuro
(textcomp)               3 = 4 + \textohm
(textcomp)               2 = 3 + \textestimated + \textcurrency
(textcomp)               1 = TS1 - \textcircled - \t
(textcomp)               0 = TS1 (full)
(textcomp)             Font families with sub-encoding setting implement
(textcomp)             only a restricted character set as indicated.
(textcomp)             Family '?' is the default used for unknown fonts.
(textcomp)             See the documentation for details.
Package textcomp Info: Setting ? sub-encoding to TS1/1 on input line 71.

(/usr/local/texlive/2014/texmf-dist/tex/latex/base/ts1enc.def
File: ts1enc.def 2001/06/05 v3.0e (jk/car/fm) Standard LaTeX file
)
LaTeX Info: Redefining \oldstylenums on input line 266.
Package textcomp Info: Setting cmr sub-encoding to TS1/0 on input line 281.
Package textcomp Info: Setting cmss sub-encoding to TS1/0 on input line 282.
Package textcomp Info: Setting cmtt sub-encoding to TS1/0 on input line 283.
Package textcomp Info: Setting cmvtt sub-encoding to TS1/0 on input line 284.
Package textcomp Info: Setting cmbr sub-encoding to TS1/0 on input line 285.
Package textcomp Info: Setting cmtl sub-encoding to TS1/0 on input line 286.
Package textcomp Info: Setting ccr sub-encoding to TS1/0 on input line 287.
Package textcomp Info: Setting ptm sub-encoding to TS1/4 on input line 288.
Package textcomp Info: Setting pcr sub-encoding to TS1/4 on input line 289.
Package textcomp Info: Setting phv sub-encoding to TS1/4 on input line 290.
Package textcomp Info: Setting ppl sub-encoding to TS1/3 on input line 291.
Package textcomp Info: Setting pag sub-encoding to TS1/4 on input line 292.
Package textcomp Info: Setting pbk sub-encoding to TS1/4 on input line 293.
Package textcomp Info: Setting pnc sub-encoding to TS1/4 on input line 294.
Package textcomp Info: Setting pzc sub-encoding to TS1/4 on input line 295.
Package textcomp Info: Setting bch sub-encoding to TS1/4 on input line 296.
Package textcomp Info: Setting put sub-encoding to TS1/5 on input line 297.
Package textcomp Info: Setting uag sub-encoding to TS1/5 on input line 298.
Package textcomp Info: Setting ugq sub-encoding to TS1/5 on input line 299.
Package textcomp Info: Setting ul8 sub-encoding to TS1/4 on input line 300.
Package textcomp Info: Setting ul9 sub-encoding to TS1/4 on input line 301.
Package textcomp Info: Setting augie sub-encoding to TS1/5 on input line 302.
Package textcomp Info: Setting dayrom sub-encoding to TS1/3 on input line 303.
Package textcomp Info: Setting dayroms sub-encoding to TS1/3 on input line 304.

Package textcomp Info: Setting pxr sub-encoding to TS1/0 on input line 305.
Package textcomp Info: Setting pxss sub-encoding to TS1/0 on input line 306.
Package textcomp Info: Setting pxtt sub-encoding to TS1/0 on input line 307.
Package textcomp Info: Setting txr sub-encoding to TS1/0 on input line 308.
Package textcomp Info: Setting txss sub-encoding to TS1/0 on input line 309.
Package textcomp Info: Setting txtt sub-encoding to TS1/0 on input line 310.
Package textcomp Info: Setting lmr sub-encoding to TS1/0 on input line 311.
Package textcomp Info: Setting lmdh sub-encoding to TS1/0 on input line 312.
Package textcomp Info: Setting lmss sub-encoding to TS1/0 on input line 313.
Package textcomp Info: Setting lmssq sub-encoding to TS1/0 on input line 314.
Package textcomp Info: Setting lmvtt sub-encoding to TS1/0 on input line 315.
Package textcomp Info: Setting qhv sub-encoding to TS1/0 on input line 316.
Package textcomp Info: Setting qag sub-encoding to TS1/0 on input line 317.
Package textcomp Info: Setting qbk sub-encoding to TS1/0 on input line 318.
Package textcomp Info: Setting qcr sub-encoding to TS1/0 on input line 319.
Package textcomp Info: Setting qcs sub-encoding to TS1/0 on input line 320.
Package textcomp Info: Setting qpl sub-encoding to TS1/0 on input line 321.
Package textcomp Info: Setting qtm sub-encoding to TS1/0 on input line 322.
Package textcomp Info: Setting qzc sub-encoding to TS1/0 on input line 323.
Package textcomp Info: Setting qhvc sub-encoding to TS1/0 on input line 324.
Package textcomp Info: Setting futs sub-encoding to TS1/4 on input line 325.
Package textcomp Info: Setting futx sub-encoding to TS1/4 on input line 326.
Package textcomp Info: Setting futj sub-encoding to TS1/4 on input line 327.
Package textcomp Info: Setting hlh sub-encoding to TS1/3 on input line 328.
Package textcomp Info: Setting hls sub-encoding to TS1/3 on input line 329.
Package textcomp Info: Setting hlst sub-encoding to TS1/3 on input line 330.
Package textcomp Info: Setting hlct sub-encoding to TS1/5 on input line 331.
Package textcomp Info: Setting hlx sub-encoding to TS1/5 on input line 332.
Package textcomp Info: Setting hlce sub-encoding to TS1/5 on input line 333.
Package textcomp Info: Setting hlcn sub-encoding to TS1/5 on input line 334.
Package textcomp Info: Setting hlcw sub-encoding to TS1/5 on input line 335.
Package textcomp Info: Setting hlcf sub-encoding to TS1/5 on input line 336.
Package textcomp Info: Setting pplx sub-encoding to TS1/3 on input line 337.
Package textcomp Info: Setting pplj sub-encoding to TS1/3 on input line 338.
Package textcomp Info: Setting ptmx sub-encoding to TS1/4 on input line 339.
Package textcomp Info: Setting ptmj sub-encoding to TS1/4 on input line 340.
)
(/usr/local/texlive/2014/texmf-dist/tex/latex/pdfpages/pdfpages.sty
Package: pdfpages 2013/08/25 v0.4v Insert pages of external PDF documents (AM)

(/usr/local/texlive/2014/texmf-dist/tex/latex/tools/calc.sty
Package: calc 2007/08/22 v4.3 Infix arithmetic (KKT,FJ)
\calc@Acount=\count125
\calc@Bcount=\count126
\calc@Adimen=\dimen267
\calc@Bdimen=\dimen268
\calc@Askip=\skip68
\calc@Bskip=\skip69
LaTeX Info: Redefining \setlength on input line 75.
LaTeX Info: Redefining \addtolength on input line 76.
\calc@Ccount=\count127
\calc@Cskip=\skip70
)
(/usr/local/texlive/2014/texmf-dist/tex/latex/eso-pic/eso-pic.sty
Package: eso-pic 2013/10/06 v2.0d eso-pic (RN)
)
(/usr/local/texlive/2014/texmf-dist/tex/latex/pdfpages/pppdftex.def
File: pppdftex.def 2013/08/25 v0.4v Pdfpages driver for pdfTeX (AM)
)
\AM@pagebox=\box48
\AM@toc@title=\toks26
\c@AM@survey=\count128
\AM@templatesizebox=\box49
)
\@indexfile=\write3
\openout3 = `RapportDeBase2.idx'.


Writing index file RapportDeBase2.idx
(/usr/local/texlive/2014/texmf-dist/tex/latex/enumitem/enumitem.sty
Package: enumitem 2011/09/28 v3.5.2 Customized lists
\labelindent=\skip71
\enit@outerparindent=\dimen269
\enit@toks=\toks27
\enit@inbox=\box50
\enitdp@description=\count129
)
\lyxlabelwidth=\skip72

(./RapportDeBase2.aux (./Chapitres/Remerciements.aux)
(./Chapitres/tableMatiere.aux) (./Chapitres/Introduction.aux)
(./Chapitres/Contexte.aux) (./Chapitres/EtatArt.aux)
(./Chapitres/Methodologie.aux

LaTeX Warning: Label `Traitement2' multiply defined.

) (./Chapitres/Resultats.aux) (./Chapitres/Glossaire.aux)
(./Chapitres/Annexes.aux))
\openout1 = `RapportDeBase2.aux'.

LaTeX Font Info:    Checking defaults for OML/txmi/m/it on input line 97.
LaTeX Font Info:    Try loading font information for OML+txmi on input line 97.


(/usr/local/texlive/2014/texmf-dist/tex/latex/txfonts/omltxmi.fd
File: omltxmi.fd 2000/12/15 v3.1
)
LaTeX Font Info:    ... okay on input line 97.
LaTeX Font Info:    Checking defaults for T1/cmr/m/n on input line 97.
LaTeX Font Info:    ... okay on input line 97.
LaTeX Font Info:    Checking defaults for OT1/cmr/m/n on input line 97.
LaTeX Font Info:    ... okay on input line 97.
LaTeX Font Info:    Checking defaults for OMS/txsy/m/n on input line 97.
LaTeX Font Info:    Try loading font information for OMS+txsy on input line 97.


(/usr/local/texlive/2014/texmf-dist/tex/latex/txfonts/omstxsy.fd
File: omstxsy.fd 2000/12/15 v3.1
)
LaTeX Font Info:    ... okay on input line 97.
LaTeX Font Info:    Checking defaults for OMX/txex/m/n on input line 97.
LaTeX Font Info:    Try loading font information for OMX+txex on input line 97.


(/usr/local/texlive/2014/texmf-dist/tex/latex/txfonts/omxtxex.fd
File: omxtxex.fd 2000/12/15 v3.1
)
LaTeX Font Info:    ... okay on input line 97.
LaTeX Font Info:    Checking defaults for U/txexa/m/n on input line 97.
LaTeX Font Info:    Try loading font information for U+txexa on input line 97.

(/usr/local/texlive/2014/texmf-dist/tex/latex/txfonts/utxexa.fd
File: utxexa.fd 2000/12/15 v3.1
)
LaTeX Font Info:    ... okay on input line 97.
LaTeX Font Info:    Checking defaults for PD1/pdf/m/n on input line 97.
LaTeX Font Info:    ... okay on input line 97.
LaTeX Font Info:    Checking defaults for PU/pdf/m/n on input line 97.
LaTeX Font Info:    ... okay on input line 97.
LaTeX Font Info:    Checking defaults for TS1/cmr/m/n on input line 97.
LaTeX Font Info:    Try loading font information for TS1+cmr on input line 97.

(/usr/local/texlive/2014/texmf-dist/tex/latex/base/ts1cmr.fd
File: ts1cmr.fd 1999/05/25 v2.5h Standard LaTeX font definitions
)
LaTeX Font Info:    ... okay on input line 97.
LaTeX Font Info:    Try loading font information for T1+txr on input line 97.

(/usr/local/texlive/2014/texmf-dist/tex/latex/txfonts/t1txr.fd
File: t1txr.fd 2000/12/15 v3.1
)
(/usr/local/texlive/2014/texmf-dist/tex/latex/ucs/ucsencs.def
File: ucsencs.def 2011/01/21 Fixes to fontencodings LGR, T3
)
*geometry* driver: auto-detecting
*geometry* detected driver: pdftex

Package geometry Warning: The marginal notes overrun the paper.
     Add 0.0945pt and more to the right margin.

*geometry* verbose mode - [ preamble ] result:
* driver: pdftex
* paper: a4paper
* layout: <same size as paper>
* layoutoffset:(h,v)=(0.0pt,0.0pt)
* modes: twoside 
* h-part:(L,W,R)=(85.35826pt, 455.24411pt, 56.9055pt)
* v-part:(T,H,B)=(99.58464pt, 660.10394pt, 85.35826pt)
* \paperwidth=597.50787pt
* \paperheight=845.04684pt
* \textwidth=455.24411pt
* \textheight=660.10394pt
* \oddsidemargin=13.08827pt
* \evensidemargin=-15.36449pt
* \topmargin=-34.47766pt
* \headheight=12.0pt
* \headsep=49.79231pt
* \topskip=12.0pt
* \footskip=30.0pt
* \marginparwidth=50.0pt
* \marginparsep=7.0pt
* \columnsep=10.0pt
* \skip\footins=10.8pt plus 4.0pt minus 2.0pt
* \hoffset=0.0pt
* \voffset=0.0pt
* \mag=1000
* \@twocolumnfalse
* \@twosidetrue
* \@mparswitchtrue
* \@reversemarginfalse
* (1in=72.27pt=25.4mm, 1cm=28.453pt)

LaTeX Info: Redefining \degres on input line 97.
LaTeX Info: Redefining \dots on input line 97.
Package frenchb.ldf Info: Setting StandardItemizeEnv=true for
(frenchb.ldf)             compatibility with enumitem package,
(frenchb.ldf)              on input line 97.
Package frenchb.ldf Info: Setting StandardEnumerateEnv=true for
(frenchb.ldf)             compatibility with enumitem package,
(frenchb.ldf)              on input line 97.
LaTeX Info: Redefining \up on input line 97.
(/usr/local/texlive/2014/texmf-dist/tex/context/base/supp-pdf.mkii
[Loading MPS to PDF converter (version 2006.09.02).]
\scratchcounter=\count130
\scratchdimen=\dimen270
\scratchbox=\box51
\nofMPsegments=\count131
\nofMParguments=\count132
\everyMPshowfont=\toks28
\MPscratchCnt=\count133
\MPscratchDim=\dimen271
\MPnumerator=\count134
\makeMPintoPDFobject=\count135
\everyMPtoPDFconversion=\toks29
) (/usr/local/texlive/2014/texmf-dist/tex/latex/oberdiek/epstopdf-base.sty
Package: epstopdf-base 2010/02/09 v2.5 Base part for package epstopdf

(/usr/local/texlive/2014/texmf-dist/tex/latex/oberdiek/grfext.sty
Package: grfext 2010/08/19 v1.1 Manage graphics extensions (HO)
)
Package grfext Info: Graphics extension search list:
(grfext)             [.png,.pdf,.jpg,.mps,.jpeg,.jbig2,.jb2,.PNG,.PDF,.JPG,.JPE
G,.JBIG2,.JB2,.eps]
(grfext)             \AppendGraphicsExtensions on input line 452.

(/usr/local/texlive/2014/texmf-dist/tex/latex/latexconfig/epstopdf-sys.cfg
File: epstopdf-sys.cfg 2010/07/13 v1.3 Configuration of (r)epstopdf for TeX Liv
e
))
\AtBeginShipoutBox=\box52
Package hyperref Info: Link coloring ON on input line 97.

(/usr/local/texlive/2014/texmf-dist/tex/latex/hyperref/nameref.sty
Package: nameref 2012/10/27 v2.43 Cross-referencing by name of section

(/usr/local/texlive/2014/texmf-dist/tex/generic/oberdiek/gettitlestring.sty
Package: gettitlestring 2010/12/03 v1.4 Cleanup title references (HO)
)
\c@section@level=\count136
)
LaTeX Info: Redefining \ref on input line 97.
LaTeX Info: Redefining \pageref on input line 97.
LaTeX Info: Redefining \nameref on input line 97.

(./RapportDeBase2.out) (./RapportDeBase2.out)
\@outlinefile=\write4
\openout4 = `RapportDeBase2.out'.

Package caption Info: Begin \AtBeginDocument code.
Package caption Info: wrapfig package is loaded.
Package caption Info: End \AtBeginDocument code.

<page_gardeM2.pdf, id=188, 597.23125pt x 845.1575pt>
File: page_gardeM2.pdf Graphic file (type pdf)
 <use page_gardeM2.pdf>
Package pdftex.def Info: page_gardeM2.pdf used on input line 100.
(pdftex.def)             Requested size: 597.22978pt x 845.15544pt.
File: page_gardeM2.pdf Graphic file (type pdf)

<use page_gardeM2.pdf>
Package pdftex.def Info: page_gardeM2.pdf used on input line 100.
(pdftex.def)             Requested size: 597.22978pt x 845.15544pt.

<page_gardeM2.pdf, id=191, page=1, 597.23125pt x 845.1575pt>
File: page_gardeM2.pdf Graphic file (type pdf)

<use page_gardeM2.pdf, page 1>
Package pdftex.def Info: page_gardeM2.pdf, page1 used on input line 100.
(pdftex.def)             Requested size: 597.22978pt x 845.15544pt.
File: page_gardeM2.pdf Graphic file (type pdf)
 <use page_gardeM2.pdf, page 1>
Package pdftex.def Info: page_gardeM2.pdf, page1 used on input line 100.
(pdftex.def)             Requested size: 597.25711pt x 845.19412pt.
File: page_gardeM2.pdf Graphic file (type pdf)

<use page_gardeM2.pdf, page 1>
Package pdftex.def Info: page_gardeM2.pdf, page1 used on input line 100.
(pdftex.def)             Requested size: 597.25711pt x 845.19412pt.
File: page_gardeM2.pdf Graphic file (type pdf)
 <use page_gardeM2.pdf, page 1>
Package pdftex.def Info: page_gardeM2.pdf, page1 used on input line 100.
(pdftex.def)             Requested size: 597.25711pt x 845.19412pt.
File: page_gardeM2.pdf Graphic file (type pdf)

<use page_gardeM2.pdf, page 1>
Package pdftex.def Info: page_gardeM2.pdf, page1 used on input line 100.
(pdftex.def)             Requested size: 597.25711pt x 845.19412pt.
 [1

 <./page_gardeM2.pdf>]

pdfTeX warning: /usr/texbin/pdflatex (file ./lettre_mission.pdf): PDF inclusion
: found PDF version <1.7>, but at most version <1.5> allowed
<lettre_mission.pdf, id=229, 597.23125pt x 845.1575pt>
File: lettre_mission.pdf Graphic file (type pdf)

<use lettre_mission.pdf>
Package pdftex.def Info: lettre_mission.pdf used on input line 102.
(pdftex.def)             Requested size: 597.22978pt x 845.15544pt.


pdfTeX warning: /usr/texbin/pdflatex (file ./lettre_mission.pdf): PDF inclusion
: found PDF version <1.7>, but at most version <1.5> allowed
File: lettre_mission.pdf Graphic file (type pdf)
<use lettre_mission.pdf>
Package pdftex.def Info: lettre_mission.pdf used on input line 102.
(pdftex.def)             Requested size: 597.22978pt x 845.15544pt.


pdfTeX warning: /usr/texbin/pdflatex (file ./lettre_mission.pdf): PDF inclusion
: found PDF version <1.7>, but at most version <1.5> allowed


pdfTeX warning: /usr/texbin/pdflatex (file ./lettre_mission.pdf): PDF inclusion
: found PDF version <1.7>, but at most version <1.5> allowed
<lettre_mission.pdf, id=232, page=1, 597.23125pt x 845.1575pt>
File: lettre_mission.pdf Graphic file (type pdf)

<use lettre_mission.pdf, page 1>
Package pdftex.def Info: lettre_mission.pdf, page1 used on input line 102.
(pdftex.def)             Requested size: 597.22978pt x 845.15544pt.
File: lettre_mission.pdf Graphic file (type pdf)
 <use lettre_mission.pdf, page 1>
Package pdftex.def Info: lettre_mission.pdf, page1 used on input line 102.
(pdftex.def)             Requested size: 597.25711pt x 845.19412pt.
File: lettre_mission.pdf Graphic file (type pdf)

<use lettre_mission.pdf, page 1>
Package pdftex.def Info: lettre_mission.pdf, page1 used on input line 102.
(pdftex.def)             Requested size: 597.25711pt x 845.19412pt.
File: lettre_mission.pdf Graphic file (type pdf)
 <use lettre_mission.pdf, page 1>
Package pdftex.def Info: lettre_mission.pdf, page1 used on input line 102.
(pdftex.def)             Requested size: 597.25711pt x 845.19412pt.
File: lettre_mission.pdf Graphic file (type pdf)

<use lettre_mission.pdf, page 1>
Package pdftex.def Info: lettre_mission.pdf, page1 used on input line 102.
(pdftex.def)             Requested size: 597.25711pt x 845.19412pt.
 [2 <./lettre_mission.pdf>]

pdfTeX warning: /usr/texbin/pdflatex (file ./lettre_mission.pdf): PDF inclusion
: found PDF version <1.7>, but at most version <1.5> allowed
<lettre_mission.pdf, id=239, page=2, 597.23125pt x 845.1575pt>
File: lettre_mission.pdf Graphic file (type pdf)

<use lettre_mission.pdf, page 2>
Package pdftex.def Info: lettre_mission.pdf, page2 used on input line 102.
(pdftex.def)             Requested size: 597.25711pt x 845.19412pt.
File: lettre_mission.pdf Graphic file (type pdf)
 <use lettre_mission.pdf, page 2>
Package pdftex.def Info: lettre_mission.pdf, page2 used on input line 102.
(pdftex.def)             Requested size: 597.25711pt x 845.19412pt.
File: lettre_mission.pdf Graphic file (type pdf)

<use lettre_mission.pdf, page 2>
Package pdftex.def Info: lettre_mission.pdf, page2 used on input line 102.
(pdftex.def)             Requested size: 597.25711pt x 845.19412pt.
 [3 <./lettre_mission.pdf>]
\openout2 = `Chapitres/Remerciements.aux'.


(./Chapitres/Remerciements.tex
(/usr/local/texlive/2014/texmf-dist/tex/latex/ucs/data/uni-0.def
File: uni-0.def 2013/05/13 UCS: Unicode data U+0000..U+00FF
)
Underfull \hbox (badness 10000) in paragraph at lines 4--5

 []


Underfull \hbox (badness 10000) in paragraph at lines 6--7

 []


Underfull \hbox (badness 10000) in paragraph at lines 8--9

 []


Underfull \hbox (badness 10000) in paragraph at lines 10--11

 []


Underfull \hbox (badness 10000) in paragraph at lines 12--13

 []

) [1


{/usr/local/texlive/2014/texmf-var/fonts/map/pdftex/updmap/pdftex.map}]
\openout2 = `Chapitres/tableMatiere.aux'.


(./Chapitres/tableMatiere.tex [2



] (./RapportDeBase2.toc
LaTeX Font Info:    Try loading font information for OT1+txr on input line 5.

(/usr/local/texlive/2014/texmf-dist/tex/latex/txfonts/ot1txr.fd
File: ot1txr.fd 2000/12/15 v3.1
)
LaTeX Font Info:    Font shape `OT1/ptm/bx/n' in size <12> not available
(Font)              Font shape `OT1/ptm/b/n' tried instead on input line 5.
LaTeX Font Info:    Font shape `OT1/ptm/bx/n' in size <9> not available
(Font)              Font shape `OT1/ptm/b/n' tried instead on input line 5.
LaTeX Font Info:    Font shape `OT1/ptm/bx/n' in size <7> not available
(Font)              Font shape `OT1/ptm/b/n' tried instead on input line 5.
LaTeX Font Info:    Try loading font information for U+txmia on input line 5.

(/usr/local/texlive/2014/texmf-dist/tex/latex/txfonts/utxmia.fd
File: utxmia.fd 2000/12/15 v3.1
)
LaTeX Font Info:    Try loading font information for U+txsya on input line 5.

(/usr/local/texlive/2014/texmf-dist/tex/latex/txfonts/utxsya.fd
File: utxsya.fd 2000/12/15 v3.1
)
LaTeX Font Info:    Try loading font information for U+txsyb on input line 5.

(/usr/local/texlive/2014/texmf-dist/tex/latex/txfonts/utxsyb.fd
File: utxsyb.fd 2000/12/15 v3.1
)
LaTeX Font Info:    Try loading font information for U+txsyc on input line 5.

(/usr/local/texlive/2014/texmf-dist/tex/latex/txfonts/utxsyc.fd
File: utxsyc.fd 2000/12/15 v3.1
) [3])
\tf@toc=\write5
\openout5 = `RapportDeBase2.toc'.

) [4]
\openout2 = `Chapitres/Introduction.aux'.


(./Chapitres/Introduction.tex
Chapitre 1.

Underfull \hbox (badness 10000) in paragraph at lines 4--5

 []


Underfull \hbox (badness 10000) in paragraph at lines 6--7

 []


Underfull \hbox (badness 10000) in paragraph at lines 8--10

 []


Underfull \hbox (badness 10000) in paragraph at lines 12--13

 []


Underfull \hbox (badness 10000) in paragraph at lines 16--17

 []


Underfull \hbox (badness 10000) in paragraph at lines 18--19

 []

pdfTeX warning (ext4): destination with the same identifier (name{page.1}) has 
been already used, duplicate ignored
<to be read again> 
                   \relax 
l.19 
      [1



]
Underfull \hbox (badness 10000) in paragraph at lines 20--21

 []


Underfull \hbox (badness 10000) in paragraph at lines 23--24

 []


Underfull \hbox (badness 10000) in paragraph at lines 26--27

 []


Underfull \hbox (badness 10000) in paragraph at lines 28--29

 []


Underfull \hbox (badness 10000) in paragraph at lines 30--31

 []


Underfull \hbox (badness 10000) in paragraph at lines 32--33

 []

)pdfTeX warning (ext4): destination with the same identifier (name{page.2}) has
 been already used, duplicate ignored
<to be read again> 
                   \relax 
l.120 \include{Chapitres/Introduction}
                                       [2]
\openout2 = `Chapitres/Contexte.aux'.

 (./Chapitres/Contexte.tex
Chapitre 2.

Underfull \hbox (badness 10000) in paragraph at lines 10--11

 []


Underfull \hbox (badness 10000) in paragraph at lines 12--13

 []


Underfull \hbox (badness 10000) in paragraph at lines 14--16

 []


Underfull \hbox (badness 10000) in paragraph at lines 17--18

 []


Underfull \hbox (badness 10000) in paragraph at lines 26--27

 []


Underfull \vbox (badness 10000) has occurred while \output is active []

pdfTeX warning (ext4): destination with the same identifier (name{page.3}) has 
been already used, duplicate ignored
<to be read again> 
                   \relax 
l.27 
      [3



]
Underfull \hbox (badness 10000) in paragraph at lines 28--29

 []

(/usr/local/texlive/2014/texmf-dist/tex/latex/ucs/data/uni-32.def
File: uni-32.def 2013/05/13 UCS: Unicode data U+2000..U+20FF
)
Underfull \hbox (badness 10000) in paragraph at lines 52--53

 []


Underfull \hbox (badness 10000) in paragraph at lines 56--57

 []

[4] <LinGraphique.png, id=341, 935.495pt x 189.70876pt>
File: LinGraphique.png Graphic file (type png)
 <use LinGraphique.png>
Package pdftex.def Info: LinGraphique.png used on input line 68.
(pdftex.def)             Requested size: 455.24408pt x 92.31836pt.

<TraitementsSiel1.png, id=348, 965.6075pt x 316.18124pt>
File: TraitementsSiel1.png Graphic file (type png)

<use TraitementsSiel1.png>
Package pdftex.def Info: TraitementsSiel1.png used on input line 80.
(pdftex.def)             Requested size: 455.24408pt x 149.06352pt.


LaTeX Warning: `h' float specifier changed to `ht'.

[5 <./LinGraphique.png>]
<traitementsSiel2.png, id=363, 2160.07pt x 689.57625pt>
File: traitementsSiel2.png Graphic file (type png)

<use traitementsSiel2.png>
Package pdftex.def Info: traitementsSiel2.png used on input line 100.
(pdftex.def)             Requested size: 455.24408pt x 145.33086pt.
 [6 <./TraitementsSiel1.png (PNG copy)> <./traitementsSiel2.png (PNG copy)>]
Underfull \hbox (badness 10000) in paragraph at lines 109--110

 []

[7] <traitementsSiel3.png, id=382, 2740.2375pt x 1161.33875pt>
File: traitementsSiel3.png Graphic file (type png)

<use traitementsSiel3.png>
Package pdftex.def Info: traitementsSiel3.png used on input line 121.
(pdftex.def)             Requested size: 654.41338pt x 277.34479pt.
 [8

 <./traitementsSiel3.png (PNG copy)>]
<traitementsSiel4.png, id=387, 3751.01375pt x 1717.41624pt>
File: traitementsSiel4.png Graphic file (type png)

<use traitementsSiel4.png>
Package pdftex.def Info: traitementsSiel4.png used on input line 128.
(pdftex.def)             Requested size: 654.41338pt x 299.60895pt.
 [9


 <./traitementsSiel4.png (PNG copy)>]
Underfull \hbox (badness 10000) in paragraph at lines 144--146

 []


Overfull \hbox (2.2426pt too wide) in paragraph at lines 147--148
\T1/txr/m/n/12 contexte environnement-sant, choix de l'ar-chi-tec-ture et im-p
l-men-ta-tion des ou-tils (chane
 []


Underfull \hbox (badness 10000) in paragraph at lines 147--148

 []

(/usr/local/texlive/2014/texmf-dist/tex/latex/ucs/data/uni-1.def
File: uni-1.def 2013/05/13 UCS: Unicode data U+0100..U+01FF
)
Underfull \hbox (badness 10000) in paragraph at lines 151--152

 []


Underfull \hbox (badness 10000) in paragraph at lines 153--154

 []

) [10

]
\openout2 = `Chapitres/EtatArt.aux'.

 (./Chapitres/EtatArt.tex
Chapitre 3.
[11



]
Overfull \hbox (2.51674pt too wide) in paragraph at lines 19--20
[]\T1/txr/m/n/12 Le m-de-cin fran-ais Al-phonse La-ve-ran a d-cou-vert la ca
use de la ma-la-die en 1880  Constan-
 []


Overfull \hbox (1.96472pt too wide) in paragraph at lines 31--32
[]\T1/txr/m/n/12 Pour d-fi-nir l'ala pour le risque sa-ni-taire, nous nous ap
-puyons sur les tra-vaux de ([][]C. Aschan-
 []


Underfull \vbox (badness 2318) has occurred while \output is active []

 [12]
[13] [14]
Underfull \hbox (badness 10000) in paragraph at lines 63--64

 []

LaTeX Font Info:    Try loading font information for TS1+txr on input line 97.
(/usr/local/texlive/2014/texmf-dist/tex/latex/txfonts/ts1txr.fd
File: ts1txr.fd 2000/12/15 v3.1
) [15]
Overfull \hbox (51.6119pt too wide) in paragraph at lines 126--127
 []\T1/txr/bx/n/12 Vgtation :[] \T1/txr/m/n/12 Cer-tains types de v-g-ta-ti
on servent comme ha-bi-tat pour les mous-tiques adultes.([][]Minakawa
 []

[16]
Underfull \hbox (badness 10000) in paragraph at lines 132--133

 []

[17]

Package natbib Warning: Citation `Ermert' on page 18 undefined on input line 17
0.


Overfull \hbox (0.85188pt too wide) in paragraph at lines 208--209
 []\T1/txr/bx/n/12 Croissance d-mo-gra-phique / Fac-teurs socio-conomiques[] 
\T1/txr/m/n/12 Le sta-tut socio-conomique d'un
 []

[18]
Underfull \hbox (badness 10000) in paragraph at lines 215--216

 []

[19] <AleaVulnerab.png, id=531, 460.23946pt x 800.87206pt>
File: AleaVulnerab.png Graphic file (type png)

<use AleaVulnerab.png>
Package pdftex.def Info: AleaVulnerab.png used on input line 222.
(pdftex.def)             Requested size: 256.0748pt x 445.61353pt.
 [20 <./AleaVulnerab.png (PNG copy)>]
Underfull \vbox (badness 5954) has occurred while \output is active []

 [21])
[22]
\openout2 = `Chapitres/Methodologie.aux'.

 (./Chapitres/Methodologie.tex
Chapitre 4.

Underfull \hbox (badness 10000) in paragraph at lines 3--4

 []


Underfull \hbox (badness 10000) in paragraph at lines 6--7

 []


Underfull \hbox (badness 10000) in paragraph at lines 8--9

 []

<malaria.png, id=549, 545.03625pt x 436.63126pt>
File: malaria.png Graphic file (type png)
 <use malaria.png>
Package pdftex.def Info: malaria.png used on input line 20.
(pdftex.def)             Requested size: 398.33858pt x 319.11127pt.


LaTeX Warning: `h' float specifier changed to `ht'.

[23



]
Underfull \hbox (badness 10000) in paragraph at lines 28--29

 []


Underfull \hbox (badness 10000) in paragraph at lines 28--29

 []

[24 <./malaria.png (PNG copy)>]
<DiagrammeUML.png, id=563, 774.0117pt x 473.8503pt>
File: DiagrammeUML.png Graphic file (type png)
 <use DiagrammeUML.png>
Package pdftex.def Info: DiagrammeUML.png used on input line 34.
(pdftex.def)             Requested size: 654.41338pt x 400.63446pt.

Underfull \hbox (badness 10000) in paragraph at lines 34--35

 []


LaTeX Warning: `h' float specifier changed to `ht'.

[25 <./DiagrammeUML.png (PNG copy)>]
Underfull \hbox (badness 10000) in paragraph at lines 50--52

 []

[26


]
Underfull \hbox (badness 10000) in paragraph at lines 54--55

 []


Underfull \hbox (badness 10000) in paragraph at lines 57--58

 []

<DiagrammeUMLsimplif.png, id=574, 529.2573pt x 456.9873pt>
File: DiagrammeUMLsimplif.png Graphic file (type png)

<use DiagrammeUMLsimplif.png>
Package pdftex.def Info: DiagrammeUMLsimplif.png used on input line 66.
(pdftex.def)             Requested size: 398.33858pt x 343.94597pt.


LaTeX Warning: `h' float specifier changed to `ht'.


Underfull \hbox (badness 10000) in paragraph at lines 71--73

 []


Underfull \hbox (badness 10000) in paragraph at lines 76--77

 []


Underfull \hbox (badness 10000) in paragraph at lines 89--90

 []

[27] [28 <./DiagrammeUMLsimplif.png (PNG copy)>]
Underfull \hbox (badness 10000) in paragraph at lines 93--94

 []

<Traitement1.png, id=584, 411.09586pt x 127.677pt>
File: Traitement1.png Graphic file (type png)
 <use Traitement1.png>
Package pdftex.def Info: Traitement1.png used on input line 98.
(pdftex.def)             Requested size: 341.43306pt x 106.04005pt.

Underfull \hbox (badness 10000) in paragraph at lines 103--106

 []


Underfull \hbox (badness 10000) in paragraph at lines 110--111

 []


Underfull \hbox (badness 10000) in paragraph at lines 114--115

 []


Underfull \hbox (badness 10000) in paragraph at lines 123--124

 []

[29 <./Traitement1.png (PNG copy)>]
Underfull \hbox (badness 10000) in paragraph at lines 125--126

 []


Underfull \hbox (badness 10000) in paragraph at lines 127--129

 []

<DescriptionTraitement5712.png, id=595, 1403.2425pt x 560.0925pt>
File: DescriptionTraitement5712.png Graphic file (type png)

<use DescriptionTraitement5712.png>
Package pdftex.def Info: DescriptionTraitement5712.png used on input line 141.
(pdftex.def)             Requested size: 426.79134pt x 170.3451pt.
 [30 <./DescriptionTraitement5712.png (PNG copy)>]
Underfull \hbox (badness 10000) in paragraph at lines 149--150

 []

<DescriptionDonnees.png, id=605, 620.3175pt x 344.28625pt>
File: DescriptionDonnees.png Graphic file (type png)

<use DescriptionDonnees.png>
Package pdftex.def Info: DescriptionDonnees.png used on input line 153.
(pdftex.def)             Requested size: 256.0748pt x 142.1249pt.

Underfull \hbox (badness 10000) in paragraph at lines 158--160

 []


Underfull \hbox (badness 10000) in paragraph at lines 162--164

 []

[31 <./DescriptionDonnees.png (PNG copy)>]
Underfull \hbox (badness 10000) in paragraph at lines 176--177

 []

<ModeleDonneesMin.png, id=614, 1770.615pt x 960.58875pt>
File: ModeleDonneesMin.png Graphic file (type png)

<use ModeleDonneesMin.png>
Package pdftex.def Info: ModeleDonneesMin.png used on input line 180.
(pdftex.def)             Requested size: 455.24408pt x 246.97693pt.

Underfull \hbox (badness 10000) in paragraph at lines 186--188

 []


Underfull \hbox (badness 10000) in paragraph at lines 189--190

 []


Underfull \hbox (badness 10000) in paragraph at lines 194--195

 []

[32 <./ModeleDonneesMin.png (PNG copy)>]
Underfull \hbox (badness 10000) in paragraph at lines 204--206

 []


Underfull \hbox (badness 10000) in paragraph at lines 207--208

 []


Underfull \hbox (badness 10000) in paragraph at lines 211--212

 []

<ModeleTraitements2.png, id=621, 2519.4125pt x 1270.7475pt>
File: ModeleTraitements2.png Graphic file (type png)

<use ModeleTraitements2.png>
Package pdftex.def Info: ModeleTraitements2.png used on input line 221.
(pdftex.def)             Requested size: 455.24408pt x 229.61662pt.

Underfull \vbox (badness 10000) has occurred while \output is active []

 [33]
Underfull \hbox (badness 10000) in paragraph at lines 230--232

 []


Underfull \hbox (badness 10000) in paragraph at lines 233--234

 []


Underfull \hbox (badness 10000) in paragraph at lines 241--242

 []

File: Traitement1.png Graphic file (type png)
<use Traitement1.png>
Package pdftex.def Info: Traitement1.png used on input line 246.
(pdftex.def)             Requested size: 411.09485pt x 127.67668pt.
 [34 <./ModeleTraitements2.png (PNG copy)>]
Underfull \hbox (badness 10000) in paragraph at lines 257--258

 []


Underfull \hbox (badness 10000) in paragraph at lines 259--260

 []

<traitements2.png, id=635, 817.97595pt x 235.1184pt>
File: traitements2.png Graphic file (type png)
 <use traitements2.png>
Package pdftex.def Info: traitements2.png used on input line 265.
(pdftex.def)             Requested size: 426.79134pt x 122.67482pt.

Underfull \hbox (badness 10000) in paragraph at lines 274--275

 []

[35 <./traitements2.png (PNG copy)>]
Underfull \hbox (badness 10000) in paragraph at lines 276--277

 []


Underfull \hbox (badness 10000) in paragraph at lines 278--279

 []

<Traitements3.png, id=643, 763.1712pt x 246.07935pt>
File: Traitements3.png Graphic file (type png)
 <use Traitements3.png>
Package pdftex.def Info: Traitements3.png used on input line 286.
(pdftex.def)             Requested size: 426.79134pt x 137.61574pt.

Underfull \hbox (badness 10000) in paragraph at lines 297--298

 []


Underfull \hbox (badness 10000) in paragraph at lines 299--300

 []

<Traitement4.png, id=644, 833.7549pt x 212.4738pt>
File: Traitement4.png Graphic file (type png)
 <use Traitement4.png>
Package pdftex.def Info: Traitement4.png used on input line 305.
(pdftex.def)             Requested size: 426.79134pt x 108.7622pt.

[36 <./Traitements3.png (PNG copy)>]
<chaineinstanc.png, id=652, 833.7549pt x 249.69286pt>
File: chaineinstanc.png Graphic file (type png)
 <use chaineinstanc.png>
Package pdftex.def Info: chaineinstanc.png used on input line 316.
(pdftex.def)             Requested size: 426.79134pt x 127.8141pt.

Underfull \hbox (badness 10000) in paragraph at lines 325--326

 []


Underfull \vbox (badness 1521) has occurred while \output is active []

 [37 <./Traitement4.png (PNG copy)> <./chaineinstanc.png (PNG copy)>]
Underfull \hbox (badness 10000) in paragraph at lines 327--328

 []


Underfull \hbox (badness 10000) in paragraph at lines 334--335

 []

<Architecture.png, id=660, 415.19115pt x 467.46645pt>
File: Architecture.png Graphic file (type png)
 <use Architecture.png>
Package pdftex.def Info: Architecture.png used on input line 338.
(pdftex.def)             Requested size: 341.43306pt x 384.42343pt.

Underfull \vbox (badness 10000) has occurred while \output is active []

 [38]
Underfull \hbox (badness 10000) in paragraph at lines 347--348

 []


Underfull \hbox (badness 10000) in paragraph at lines 349--350

 []

[39 <./Architecture.png (PNG copy)>]
Underfull \hbox (badness 10000) in paragraph at lines 351--352

 []


Underfull \hbox (badness 10000) in paragraph at lines 353--354

 []


Underfull \hbox (badness 10000) in paragraph at lines 355--356

 []


Underfull \hbox (badness 10000) in paragraph at lines 359--360

 []


Underfull \hbox (badness 10000) in paragraph at lines 361--362

 []


Underfull \hbox (badness 10000) in paragraph at lines 372--373

 []


Underfull \hbox (badness 10000) in paragraph at lines 372--373

 []


Underfull \vbox (badness 1205) has occurred while \output is active []

 [40]
<Chaine1.png, id=676, 550.055pt x 422.57875pt>
File: Chaine1.png Graphic file (type png)
 <use Chaine1.png>
Package pdftex.def Info: Chaine1.png used on input line 376.
(pdftex.def)             Requested size: 284.52756pt x 218.59447pt.

Underfull \hbox (badness 10000) in paragraph at lines 384--385

 []


Underfull \hbox (badness 10000) in paragraph at lines 384--385

 []

<Chaine3.png, id=677, 694.595pt x 279.0425pt>
File: Chaine3.png Graphic file (type png)
 <use Chaine3.png>
Package pdftex.def Info: Chaine3.png used on input line 388.
(pdftex.def)             Requested size: 284.52756pt x 114.30597pt.

Underfull \vbox (badness 3168) has occurred while \output is active []

 [41 <./Chaine1.png>]
Underfull \hbox (badness 10000) in paragraph at lines 395--396

 []


Underfull \hbox (badness 10000) in paragraph at lines 395--396

 []

<Chaine2.png, id=685, 248.93pt x 350.30875pt>
File: Chaine2.png Graphic file (type png)
 <use Chaine2.png>
Package pdftex.def Info: Chaine2.png used on input line 400.
(pdftex.def)             Requested size: 170.71652pt x 240.24869pt.

Underfull \hbox (badness 10000) in paragraph at lines 412--413

 []


Underfull \hbox (badness 10000) in paragraph at lines 412--413

 []

[42 <./Chaine3.png> <./Chaine2.png>]
<Chaine4.png, id=695, 1335.99126pt x 810.02625pt>
File: Chaine4.png Graphic file (type png)
 <use Chaine4.png>
Package pdftex.def Info: Chaine4.png used on input line 416.
(pdftex.def)             Requested size: 284.52756pt x 172.50836pt.

Underfull \hbox (badness 10000) in paragraph at lines 424--425

 []


Underfull \hbox (badness 10000) in paragraph at lines 424--425

 []

<Chaine5.png, id=696, 593.21625pt x 244.915pt>
File: Chaine5.png Graphic file (type png)
 <use Chaine5.png>
Package pdftex.def Info: Chaine5.png used on input line 428.
(pdftex.def)             Requested size: 284.52756pt x 117.4719pt.

Underfull \hbox (badness 10000) in paragraph at lines 436--437

 []


Underfull \hbox (badness 10000) in paragraph at lines 436--437

 []

[43 <./Chaine4.png> <./Chaine5.png>]
(/usr/local/texlive/2014/texmf-dist/tex/latex/ucs/data/uni-34.def
File: uni-34.def 2013/05/13 UCS: Unicode data U+2200..U+22FF
)
Underfull \hbox (badness 10000) in paragraph at lines 442--443

 []

<Chaine6.png, id=706, 568.1225pt x 365.365pt>
File: Chaine6.png Graphic file (type png)
 <use Chaine6.png>
Package pdftex.def Info: Chaine6.png used on input line 447.
(pdftex.def)             Requested size: 284.52756pt x 182.98868pt.

Underfull \hbox (badness 10000) in paragraph at lines 454--455

 []


Underfull \hbox (badness 10000) in paragraph at lines 454--455

 []

<Chaine7.png, id=707, 497.86pt x 536.0025pt>
File: Chaine7.png Graphic file (type png)
 <use Chaine7.png>
Package pdftex.def Info: Chaine7.png used on input line 458.
(pdftex.def)             Requested size: 199.16928pt x 214.42992pt.

Underfull \vbox (badness 10000) has occurred while \output is active []

 [44 <./Chaine6.png>]
Underfull \hbox (badness 10000) in paragraph at lines 466--467

 []


Underfull \hbox (badness 10000) in paragraph at lines 466--467

 []

<Chaine13.png, id=715, 638.8668pt x 298.11375pt>
File: Chaine13.png Graphic file (type png)
 <use Chaine13.png>
Package pdftex.def Info: Chaine13.png used on input line 471.
(pdftex.def)             Requested size: 369.88582pt x 172.60132pt.

Underfull \hbox (badness 10000) in paragraph at lines 480--481

 []


Underfull \vbox (badness 5490) has occurred while \output is active []

 [45 <./Chaine7.png> <./Chaine13.png (PNG copy)>]
<Chaine12.png, id=723, 814.7238pt x 426.75435pt>
File: Chaine12.png Graphic file (type png)
 <use Chaine12.png>
Package pdftex.def Info: Chaine12.png used on input line 484.
(pdftex.def)             Requested size: 369.88582pt x 193.74376pt.
 [46 <./Chaine12.png (PNG copy)>]
Underfull \hbox (badness 10000) in paragraph at lines 500--501

 []

<Logiciel1.png, id=730, 767.86874pt x 166.6225pt>
File: Logiciel1.png Graphic file (type png)
 <use Logiciel1.png>
Package pdftex.def Info: Logiciel1.png used on input line 512.
(pdftex.def)             Requested size: 284.52756pt x 61.74088pt.

Underfull \hbox (badness 10000) in paragraph at lines 520--521

 []

<Logiciel2.png, id=731, 247.92625pt x 349.305pt>
File: Logiciel2.png Graphic file (type png)
 <use Logiciel2.png>
Package pdftex.def Info: Logiciel2.png used on input line 524.
(pdftex.def)             Requested size: 113.81102pt x 160.34645pt.
 [47 <./Logiciel1.png>]
Underfull \hbox (badness 10000) in paragraph at lines 531--532

 []

<Logiciel3.png, id=740, 1197.47375pt x 600.2425pt>
File: Logiciel3.png Graphic file (type png)
 <use Logiciel3.png>
Package pdftex.def Info: Logiciel3.png used on input line 535.
(pdftex.def)             Requested size: 341.43306pt x 171.14415pt.

Underfull \hbox (badness 10000) in paragraph at lines 543--544

 []


Overfull \hbox (0.1079pt too wide) in paragraph at lines 543--544
[] \T1/txr/m/n/12 En fonc-tion des ca-t-go-ries de trai-te-ments d-fi-nies au
-pa-ra-vant, les trai-te-ments sui-vants peuvent
 []


Underfull \hbox (badness 10000) in paragraph at lines 545--546

 []

[48 <./Logiciel2.png> <./Logiciel3.png>]
Underfull \hbox (badness 10000) in paragraph at lines 549--550

 []


Underfull \hbox (badness 10000) in paragraph at lines 551--553

 []


Underfull \hbox (badness 10000) in paragraph at lines 557--558

 []


Underfull \hbox (badness 10000) in paragraph at lines 560--562

 []


Underfull \hbox (badness 10000) in paragraph at lines 564--565

 []


Underfull \hbox (badness 10000) in paragraph at lines 566--567

 []


Underfull \hbox (badness 10000) in paragraph at lines 579--580

 []


Underfull \hbox (badness 10000) in paragraph at lines 579--580

 []

[49]
Underfull \hbox (badness 10000) in paragraph at lines 585--586

 []


Underfull \hbox (badness 10000) in paragraph at lines 589--590

 []


Underfull \hbox (badness 10000) in paragraph at lines 593--594

 []


Underfull \hbox (badness 10000) in paragraph at lines 597--598

 []

[50] <Logiciel.png, id=766, 576.7146pt x 740.64705pt>
File: Logiciel.png Graphic file (type png)
 <use Logiciel.png>
Package pdftex.def Info: Logiciel.png used on input line 605.
(pdftex.def)             Requested size: 483.69684pt x 621.21257pt.

Overfull \hbox (28.45273pt too wide) in paragraph at lines 605--605
 [] 
 []

)
Underfull \vbox (badness 10000) has occurred while \output is active []

 [51 <./Logiciel.png (PNG copy)>]
\openout2 = `Chapitres/Resultats.aux'.

 (./Chapitres/Resultats.tex [52



]
Chapitre 5.
<GanttFinal.png, id=776, 1081.03876pt x 273.02pt>
File: GanttFinal.png Graphic file (type png)
 <use GanttFinal.png>
Package pdftex.def Info: GanttFinal.png used on input line 9.
(pdftex.def)             Requested size: 398.33858pt x 100.59921pt.

<Results.png, id=777, 677.77216pt x 184.2885pt>
File: Results.png Graphic file (type png)
 <use Results.png>
Package pdftex.def Info: Results.png used on input line 20.
(pdftex.def)             Requested size: 398.33858pt x 108.31027pt.


LaTeX Warning: `h' float specifier changed to `ht'.

[53 <./GanttFinal.png>]
Underfull \hbox (badness 10000) in paragraph at lines 31--31

 []

<VulerabiliteComp.png, id=783, 775.33665pt x 321.96284pt>
File: VulerabiliteComp.png Graphic file (type png)

<use VulerabiliteComp.png>
Package pdftex.def Info: VulerabiliteComp.png used on input line 33.
(pdftex.def)             Requested size: 398.33858pt x 165.41232pt.

Underfull \hbox (badness 10000) in paragraph at lines 43--44

 []

[54 <./Results.png (PNG copy)> <./VulerabiliteComp.png (PNG copy)>]
Underfull \hbox (badness 10000) in paragraph at lines 52--53

 []


Underfull \hbox (badness 10000) in paragraph at lines 56--57

 []


Underfull \hbox (badness 10000) in paragraph at lines 63--63

 []

<AleaComp.png, id=792, 766.90515pt x 328.46715pt>
File: AleaComp.png Graphic file (type png)
 <use AleaComp.png>
Package pdftex.def Info: AleaComp.png used on input line 65.
(pdftex.def)             Requested size: 398.33858pt x 170.61343pt.

Underfull \hbox (badness 10000) in paragraph at lines 70--71

 []

[55 <./AleaComp.png (PNG copy)>]
Underfull \hbox (badness 10000) in paragraph at lines 79--79

 []

<RisqueComp.png, id=800, 765.8211pt x 331.2375pt>
File: RisqueComp.png Graphic file (type png)
 <use RisqueComp.png>
Package pdftex.def Info: RisqueComp.png used on input line 81.
(pdftex.def)             Requested size: 398.33858pt x 172.28996pt.

Underfull \hbox (badness 10000) in paragraph at lines 86--87

 []


Underfull \hbox (badness 10000) in paragraph at lines 94--95

 []

[56 <./RisqueComp.png (PNG copy)>]
Underfull \hbox (badness 10000) in paragraph at lines 98--101

 []


Underfull \hbox (badness 10000) in paragraph at lines 102--103

 []


Underfull \hbox (badness 10000) in paragraph at lines 108--109

 []

[57]
Underfull \hbox (badness 10000) in paragraph at lines 110--112

 []


Underfull \hbox (badness 10000) in paragraph at lines 116--117

 []

LaTeX Font Info:    Try loading font information for T1+txtt on input line 118.

(/usr/local/texlive/2014/texmf-dist/tex/latex/txfonts/t1txtt.fd
File: t1txtt.fd 2000/12/15 v3.1
)
Underfull \hbox (badness 10000) in paragraph at lines 118--119

 []


Underfull \hbox (badness 10000) in paragraph at lines 120--121

 []

[58]
Underfull \hbox (badness 10000) in paragraph at lines 125--126

 []


Underfull \hbox (badness 10000) in paragraph at lines 127--128

 []


Underfull \hbox (badness 10000) in paragraph at lines 129--130

 []


Underfull \hbox (badness 10000) in paragraph at lines 131--132

 []


Underfull \hbox (badness 10000) in paragraph at lines 133--134

 []

[59]
Underfull \hbox (badness 10000) in paragraph at lines 141--142

 []


Underfull \hbox (badness 10000) in paragraph at lines 143--144

 []


Underfull \hbox (badness 10000) in paragraph at lines 145--146

 []


Underfull \hbox (badness 10000) in paragraph at lines 147--148

 []

[60]) [61]
\openout2 = `Chapitres/Glossaire.aux'.

 (./Chapitres/Glossaire.tex [62



]
Chapitre 6.
LaTeX Font Info:    Font shape `OT1/ptm/bx/n' in size <10> not available
(Font)              Font shape `OT1/ptm/b/n' tried instead on input line 4.
LaTeX Font Info:    Font shape `OT1/ptm/bx/n' in size <7.4> not available
(Font)              Font shape `OT1/ptm/b/n' tried instead on input line 4.
LaTeX Font Info:    Font shape `OT1/ptm/bx/n' in size <6> not available
(Font)              Font shape `OT1/ptm/b/n' tried instead on input line 4.

Underfull \hbox (badness 10000) in paragraph at lines 4--4
[][][]\T1/txr/m/n/10 .[][][][]$\T1/txtt/m/n/10 http : / / docwiki . embarcadero
 . com / RADStudio / fr / D % C3 % A9finition _ des _ diagrammes _ de _
 []


Underfull \hbox (badness 10000) in paragraph at lines 4--5

 []


Underfull \hbox (badness 10000) in paragraph at lines 6--7

 []


Underfull \hbox (badness 10000) in paragraph at lines 8--8
[][][]\T1/txr/m/n/10 .[][][][]$\T1/txtt/m/n/10 http : / / seig . ensg . ign . f
r / fichchap . php ? NOCONT = CONT3 & NOCHEM = CHEMS001 & NOFICHE = FP1 &
 []


Underfull \hbox (badness 10000) in paragraph at lines 10--12

 []


Underfull \hbox (badness 10000) in paragraph at lines 13--14

 []


Underfull \hbox (badness 10000) in paragraph at lines 15--16

 []

[63]
Underfull \hbox (badness 10000) in paragraph at lines 17--20

 []


Underfull \hbox (badness 10000) in paragraph at lines 27--28

 []


Underfull \hbox (badness 10000) in paragraph at lines 30--31

 []


Underfull \hbox (badness 10000) in paragraph at lines 34--35

 []


Underfull \hbox (badness 10000) in paragraph at lines 37--37
[][][]\T1/txr/m/n/10 .[][][][]$\T1/txtt/m/n/10 http : / / www . ese . u-[]psud 
. fr / epc / conservation / EE / pdf / Ecologie _ Communautes _ 15112009 .
 []


Underfull \hbox (badness 10000) in paragraph at lines 36--38

 []


Underfull \hbox (badness 10000) in paragraph at lines 41--43

 []

[64]
Underfull \hbox (badness 10000) in paragraph at lines 45--48

 []


Underfull \hbox (badness 10000) in paragraph at lines 49--50

 []


Underfull \hbox (badness 10000) in paragraph at lines 51--52

 []


Underfull \hbox (badness 10000) in paragraph at lines 54--55

 []


Underfull \hbox (badness 10000) in paragraph at lines 56--57

 []

[65]
Underfull \hbox (badness 10000) in paragraph at lines 67--67
[][][]\T1/txr/m/n/10 .[][][][]$\T1/txtt/m/n/10 http : / / www . gim . be / C125
74AD00426BEC / _ / 6626A938C60147B1C12574CC0054F8D3 ?
 []


Underfull \hbox (badness 10000) in paragraph at lines 67--68

 []


Underfull \hbox (badness 10000) in paragraph at lines 70--71

 []


Underfull \hbox (badness 10000) in paragraph at lines 74--75

 []


Underfull \hbox (badness 10000) in paragraph at lines 79--80

 []

[66]
Underfull \hbox (badness 10000) in paragraph at lines 85--86

 []

) [67]
\openout2 = `Chapitres/Annexes.aux'.

 (./Chapitres/Annexes.tex [68


]
Chapitre 7.

Underfull \hbox (badness 10000) in paragraph at lines 6--7

 []


Underfull \hbox (badness 10000) in paragraph at lines 8--9

 []


Underfull \hbox (badness 10000) in paragraph at lines 10--12

 []


Underfull \hbox (badness 10000) in paragraph at lines 25--26

 []


Underfull \hbox (badness 10000) in paragraph at lines 27--28

 []

[69

]
Underfull \hbox (badness 10000) in paragraph at lines 29--30

 []


Underfull \hbox (badness 10000) in paragraph at lines 31--32

 []


Underfull \hbox (badness 10000) in paragraph at lines 33--34

 []


Underfull \hbox (badness 10000) in paragraph at lines 35--36

 []


Underfull \hbox (badness 10000) in paragraph at lines 37--38

 []


Underfull \hbox (badness 10000) in paragraph at lines 39--40

 []


Underfull \hbox (badness 10000) in paragraph at lines 41--42

 []

[70]
Underfull \hbox (badness 10000) in paragraph at lines 51--53

 []


Underfull \hbox (badness 10000) in paragraph at lines 63--64

 []


Underfull \hbox (badness 10000) in paragraph at lines 71--72

 []


Underfull \hbox (badness 10000) in paragraph at lines 89--90

 []

[71]
Underfull \hbox (badness 10000) in paragraph at lines 95--96

 []


Underfull \hbox (badness 10000) in paragraph at lines 105--106

 []


Underfull \hbox (badness 10000) in paragraph at lines 110--111

 []


Underfull \hbox (badness 10000) in paragraph at lines 117--118

 []


Underfull \hbox (badness 10000) in paragraph at lines 129--130

 []


Underfull \vbox (badness 1803) has occurred while \output is active []

 [72]
Underfull \hbox (badness 10000) in paragraph at lines 135--136

 []


Underfull \hbox (badness 10000) in paragraph at lines 149--150

 []


Underfull \hbox (badness 10000) in paragraph at lines 159--161

 []


Underfull \vbox (badness 2961) has occurred while \output is active []

 [73]
Underfull \hbox (badness 10000) in paragraph at lines 162--163

 []


Underfull \hbox (badness 10000) in paragraph at lines 164--165

 []


Underfull \hbox (badness 10000) in paragraph at lines 170--171

 []


Underfull \hbox (badness 10000) in paragraph at lines 177--178

 []


Underfull \hbox (badness 10000) in paragraph at lines 183--184

 []


Underfull \hbox (badness 10000) in paragraph at lines 193--194

 []


Underfull \vbox (badness 2435) has occurred while \output is active []

 [74]
Underfull \hbox (badness 10000) in paragraph at lines 199--200

 []


Underfull \hbox (badness 10000) in paragraph at lines 212--213

 []


Underfull \hbox (badness 10000) in paragraph at lines 218--219

 []


Underfull \hbox (badness 10000) in paragraph at lines 229--231

 []

[75]
Underfull \hbox (badness 10000) in paragraph at lines 237--238

 []


Underfull \hbox (badness 10000) in paragraph at lines 248--249

 []


Underfull \hbox (badness 10000) in paragraph at lines 254--255

 []


Underfull \hbox (badness 10000) in paragraph at lines 266--267

 []


Underfull \hbox (badness 10000) in paragraph at lines 272--273

 []

[76]
Underfull \hbox (badness 10000) in paragraph at lines 284--285

 []


Underfull \hbox (badness 10000) in paragraph at lines 290--291

 []


Underfull \hbox (badness 10000) in paragraph at lines 300--301

 []


Underfull \hbox (badness 10000) in paragraph at lines 306--307

 []

<rasterbati2.png, id=983, 522.95375pt x 322.20375pt>
File: rasterbati2.png Graphic file (type png)
 <use rasterbati2.png>
Package pdftex.def Info: rasterbati2.png used on input line 319.
(pdftex.def)             Requested size: 284.52756pt x 175.30502pt.


LaTeX Warning: `h' float specifier changed to `ht'.


Underfull \hbox (badness 10000) in paragraph at lines 327--328

 []

[77]
Underfull \hbox (badness 10000) in paragraph at lines 333--334

 []


Underfull \hbox (badness 10000) in paragraph at lines 341--342

 []

<pointsbati2.png, id=994, 326.21875pt x 276.03125pt>
File: pointsbati2.png Graphic file (type png)
 <use pointsbati2.png>
Package pdftex.def Info: pointsbati2.png used on input line 347.
(pdftex.def)             Requested size: 284.52756pt x 240.77281pt.


LaTeX Warning: `h' float specifier changed to `ht'.


Underfull \hbox (badness 10000) in paragraph at lines 354--355

 []

[78 <./rasterbati2.png>]
Underfull \hbox (badness 10000) in paragraph at lines 360--361

 []

<3Densites.png, id=1005, 789.9111pt x 224.2779pt>
File: 3Densites.png Graphic file (type png)
 <use 3Densites.png>
Package pdftex.def Info: 3Densites.png used on input line 375.
(pdftex.def)             Requested size: 455.24408pt x 129.2565pt.


LaTeX Warning: `h' float specifier changed to `ht'.


Underfull \hbox (badness 10000) in paragraph at lines 382--383

 []

[79 <./pointsbati2.png>]
Underfull \hbox (badness 10000) in paragraph at lines 388--389

 []


Underfull \hbox (badness 10000) in paragraph at lines 399--400

 []


Underfull \hbox (badness 10000) in paragraph at lines 405--406

 []


Underfull \vbox (badness 4391) has occurred while \output is active []

 [80 <./3Densites.png (PNG copy)>] <reclassification.png, id=1022, 734.745pt x 
281.6121pt>
File: reclassification.png Graphic file (type png)

<use reclassification.png>
Package pdftex.def Info: reclassification.png used on input line 424.
(pdftex.def)             Requested size: 398.33858pt x 152.67845pt.

Underfull \hbox (badness 10000) in paragraph at lines 434--435

 []


Underfull \hbox (badness 10000) in paragraph at lines 440--441

 []

[81 <./reclassification.png (PNG copy)>]
<GanttProvisoire.png, id=1034, 1170.3725pt x 291.0875pt>
File: GanttProvisoire.png Graphic file (type png)

<use GanttProvisoire.png>
Package pdftex.def Info: GanttProvisoire.png used on input line 458.
(pdftex.def)             Requested size: 398.33858pt x 99.07059pt.
) [82 <./GanttProvisoire.png>] (./RapportDeBase2.bbl
[83


]

! Package utf8x Error: MalformedUTF-8sequence.

See the utf8x package documentation for explanation.
Type  H <return>  for immediate help.
 ...                                              
                                                  
l.238 ...eurs\bgroup Delatre\egroup\egroup{}, .
                                                   (2007).
Ifthecharacterisanargument,putitin{}

(/usr/local/texlive/2014/texmf-dist/tex/latex/ucs/data/uni-255.def
File: uni-255.def 2013/05/13 UCS: Unicode data U+FF00..U+FFFF
)
(/usr/local/texlive/2014/texmf-dist/tex/latex/ucs/data/uninames.dat
File: uninames.dat 2013/05/13 UCS: Unicode character names, compressed
)
(/usr/local/texlive/2014/texmf-dist/tex/latex/ucs/data/uni-255.def
File: uni-255.def 2013/05/13 UCS: Unicode data U+FF00..U+FFFF
)

! Package ucs Error: Unknown Unicode character 65533 = U+FFFD,
(ucs)                possibly declared in uni-255.def.
(ucs)                Type H to see if it is available with options.

See the ucs package documentation for explanation.
Type  H <return>  for immediate help.
 ...                                              
                                                  
l.238 ...eurs\bgroup Delatre\egroup\egroup{}, .
                                                   (2007).
Unicode character 65533 = U+FFFD:
REPLACEMENT CHARACTER
Character is not defined in uni-*.def files.
Enter I!<RET> to define the glyph.

LaTeX Font Info:    Try loading font information for OT1+txtt on input line 238
.
(/usr/local/texlive/2014/texmf-dist/tex/latex/txfonts/ot1txtt.fd
File: ot1txtt.fd 2000/12/15 v3.1
) [84] [85])

Package natbib Warning: There were undefined citations.

Package atveryend Info: Empty hook `BeforeClearDocument' on input line 145.
[86]
Package atveryend Info: Empty hook `AfterLastShipout' on input line 145.
 (./RapportDeBase2.aux (./Chapitres/Remerciements.aux)
(./Chapitres/tableMatiere.aux) (./Chapitres/Introduction.aux)
(./Chapitres/Contexte.aux) (./Chapitres/EtatArt.aux)
(./Chapitres/Methodologie.aux) (./Chapitres/Resultats.aux)
(./Chapitres/Glossaire.aux) (./Chapitres/Annexes.aux))
Package atveryend Info: Executing hook `AtVeryEndDocument' on input line 145.
Package atveryend Info: Executing hook `AtEndAfterFileList' on input line 145.
Package rerunfilecheck Info: File `RapportDeBase2.out' has not changed.
(rerunfilecheck)             Checksum: 31BC66412AEF49492195377C49A691B5;8470.


LaTeX Warning: There were multiply-defined labels.

Package atveryend Info: Empty hook `AtVeryVeryEnd' on input line 145.
 ) 
Here is how much of TeX's memory you used:
 19779 strings out of 493117
 280569 string characters out of 6135433
 377881 words of memory out of 5000000
 22460 multiletter control sequences out of 15000+600000
 76306 words of font info for 126 fonts, out of 8000000 for 9000
 1141 hyphenation exceptions out of 8191
 53i,18n,92p,1237b,655s stack positions out of 5000i,500n,10000p,200000b,80000s
{/usr/local/texlive/2014/texmf-dist/fonts/enc/dvips/base/8r.enc}</usr/local/t
exlive/2014/texmf-dist/fonts/type1/public/txfonts/rtxb.pfb></usr/local/texlive/
2014/texmf-dist/fonts/type1/public/txfonts/rtxr.pfb></usr/local/texlive/2014/te
xmf-dist/fonts/type1/public/txfonts/rtxr.pfb></usr/local/texlive/2014/texmf-dis
t/fonts/type1/public/txfonts/rtxsc.pfb></usr/local/texlive/2014/texmf-dist/font
s/type1/public/txfonts/t1xtt.pfb></usr/local/texlive/2014/texmf-dist/fonts/type
1/public/txfonts/txsy.pfb></usr/local/texlive/2014/texmf-dist/fonts/type1/publi
c/txfonts/txtt.pfb></usr/local/texlive/2014/texmf-dist/fonts/type1/urw/times/ut
mb8a.pfb></usr/local/texlive/2014/texmf-dist/fonts/type1/urw/times/utmr8a.pfb><
/usr/local/texlive/2014/texmf-dist/fonts/type1/urw/times/utmr8a.pfb></usr/local
/texlive/2014/texmf-dist/fonts/type1/urw/times/utmri8a.pfb>
Output written on RapportDeBase2.pdf (93 pages, 7293570 bytes).
PDF statistics:
 1196 PDF objects out of 1200 (max. 8388607)
 1015 compressed objects within 11 object streams
 362 named destinations out of 1000 (max. 500000)
 624 words of extra memory for PDF output out of 10000 (max. 10000000)

