\BOOKMARK [0][-]{chapter.1}{Introduction}{}% 1
\BOOKMARK [0][-]{chapter.2}{Contexte et probl\351matique}{}% 2
\BOOKMARK [1][-]{section.2.1}{Principes g\351n\351raux}{chapter.2}% 3
\BOOKMARK [1][-]{section.2.2}{Le logiciel SIEL}{chapter.2}% 4
\BOOKMARK [2][-]{subsection.2.2.1}{Architecture SIEL}{section.2.2}% 5
\BOOKMARK [2][-]{subsection.2.2.2}{La cha\356ne de traitements du SIEL}{section.2.2}% 6
\BOOKMARK [1][-]{section.2.3}{Probl\351matiques du stage}{chapter.2}% 7
\BOOKMARK [0][-]{chapter.3}{Contexte th\351matique}{}% 8
\BOOKMARK [1][-]{section.3.1}{Interaction environnement-sant\351}{chapter.3}% 9
\BOOKMARK [2][-]{subsection.3.1.1}{D\351finitions}{section.3.1}% 10
\BOOKMARK [2][-]{subsection.3.1.2}{Facteurs de risque de transmission du paludisme}{section.3.1}% 11
\BOOKMARK [1][-]{section.3.2}{Approches logicielles existantes}{chapter.3}% 12
\BOOKMARK [2][-]{subsection.3.2.1}{Cas d'utilisation concret dans le contexte environnement-sant\351:}{section.3.2}% 13
\BOOKMARK [2][-]{subsection.3.2.2}{Conclusion}{section.3.2}% 14
\BOOKMARK [0][-]{chapter.4}{M\351thodologie}{}% 15
\BOOKMARK [1][-]{section.4.1}{Analyse}{chapter.4}% 16
\BOOKMARK [2][-]{subsection.4.1.1}{Donn\351es disponibles}{section.4.1}% 17
\BOOKMARK [2][-]{subsection.4.1.2}{Mod\350le simplifi\351}{section.4.1}% 18
\BOOKMARK [1][-]{section.4.2}{Raisonnement}{chapter.4}% 19
\BOOKMARK [2][-]{subsection.4.2.1}{Description des donn\351es et des traitements}{section.4.2}% 20
\BOOKMARK [2][-]{subsection.4.2.2}{Les cat\351gories de donn\351es et de traitements}{section.4.2}% 21
\BOOKMARK [2][-]{subsection.4.2.3}{Conceptualisation de la cha\356ne de traitements}{section.4.2}% 22
\BOOKMARK [1][-]{section.4.3}{Conception}{chapter.4}% 23
\BOOKMARK [2][-]{subsection.4.3.1}{Architecture informatique de la chaine de traitements et du logiciel ouvert}{section.4.3}% 24
\BOOKMARK [1][-]{section.4.4}{Op\351rationalisation}{chapter.4}% 25
\BOOKMARK [2][-]{subsection.4.4.1}{Fonctionnement chaine de traitements "ferm\351e"}{section.4.4}% 26
\BOOKMARK [2][-]{subsection.4.4.2}{Fonctionnement du logiciel "ouvert"}{section.4.4}% 27
\BOOKMARK [0][-]{chapter.5}{R\351sultats}{}% 28
\BOOKMARK [1][-]{section.5.1}{R\351sultat}{chapter.5}% 29
\BOOKMARK [1][-]{section.5.2}{Validation des r\351sultats}{chapter.5}% 30
\BOOKMARK [1][-]{section.5.3}{Difficult\351s rencontr\351s}{chapter.5}% 31
\BOOKMARK [2][-]{subsection.5.3.1}{Java}{section.5.3}% 32
\BOOKMARK [2][-]{subsection.5.3.2}{PostgreSQL/PostGIS}{section.5.3}% 33
\BOOKMARK [2][-]{subsection.5.3.3}{R}{section.5.3}% 34
\BOOKMARK [1][-]{section.5.4}{Perspectives}{chapter.5}% 35
\BOOKMARK [1][-]{section.5.5}{Conclusion}{chapter.5}% 36
\BOOKMARK [0][-]{chapter.6}{Discussion}{}% 37
\BOOKMARK [0][-]{chapter.7}{Glossaire et d\351finitions}{}% 38
\BOOKMARK [0][-]{chapter.8}{Annexes}{}% 39
\BOOKMARK [1][-]{subsection.8.0.1}{D\351finitions, librairies et biblioth\350ques utilis\351es}{chapter.8}% 40
\BOOKMARK [2][-]{subsection.8.0.2}{Les traitements effectu\351s}{subsection.8.0.1}% 41
\BOOKMARK [2][-]{subsection.8.0.3}{Configuration pr\351requise pour l'utilisation des outils }{subsection.8.0.1}% 42
